AUTOCREATE
2017-01-02T08:54:36+0100 : 0|admin|login|index|[]
2017-01-02T08:55:53+0100 : 0|admin|login|login|{"username":"admin"}
2017-01-02T08:55:54+0100 : 0|admin|login|index|{"auth_failed":"true"}
2017-01-02T08:56:14+0100 : 0|admin|login|login|{"username":"admin"}
2017-01-02T08:56:15+0100 : 2|admin|index|index|[]
2017-01-02T08:56:19+0100 : 2|admin|misc|json-translations-system|{"language":"en"}
2017-01-02T08:56:19+0100 : 2|admin|misc|json-translations-admin|{"language":"en"}
2017-01-02T08:56:19+0100 : 2|admin|misc|admin-css|{"extjs6":"true?_dc=4008"}
2017-01-02T08:56:19+0100 : 2|admin|user|get-image|[]
2017-01-02T08:56:20+0100 : 2|admin|misc|available-languages|[]
2017-01-02T08:56:20+0100 : 2|admin|user|get-current-user|[]
2017-01-02T08:56:20+0100 : 2|admin|misc|script-proxy|{"scriptPath":"\/website\/var\/system\/","scripts":"minified_javascript_core_ebf1f6ae2be64f2..."}
2017-01-02T08:56:40+0100 : 2|reports|targeting|persona-list|{"page":"1","start":"0","limit":"25"}
2017-01-02T08:56:40+0100 : 2|admin|class|get-tree|{"page":"1","start":"0","limit":"25"}
2017-01-02T08:56:40+0100 : 2|admin|settings|get-available-admin-languages|{"page":"1","start":"0","limit":"25"}
2017-01-02T08:56:40+0100 : 2|admin|settings|get-available-sites|{"page":"1","start":"0","limit":"25"}
2017-01-02T08:56:40+0100 : 2|admin|class|get-tree|{"createAllowed":"true","page":"1","start":"0","limit":"25"}
2017-01-02T08:56:40+0100 : 2|admin|asset|tree-get-root|{"id":"1","view":"null"}
2017-01-02T08:56:41+0100 : 2|admin|object|tree-get-root|{"id":"null","view":"null"}
2017-01-02T08:56:41+0100 : 2|admin|document|tree-get-root|{"id":"1","view":"null"}
2017-01-02T08:56:41+0100 : 2|admin|portal|dashboard-list|[]
2017-01-02T08:56:41+0100 : 2|admin|document|doc-types|{"xaction":"read","page":"1","start":"0","limit":"25"}
2017-01-02T08:56:42+0100 : 2|reports|custom-report|get-report-config|[]
2017-01-02T08:56:42+0100 : 2|admin|object|tree-get-childs-by-id|{"limit":"30","view":"null","node":"1"}
2017-01-02T09:19:36+0100 : 2|admin|misc|ping|[]
2017-01-02T09:42:33+0100 : 2|admin|misc|ping|[]
2017-01-02T10:05:30+0100 : 2|admin|misc|ping|[]
2017-01-02T10:28:36+0100 : 2|admin|misc|ping|[]
2017-01-02T10:51:23+0100 : 2|admin|misc|ping|[]
2017-01-02T11:14:20+0100 : 2|admin|misc|ping|[]
2017-01-02T11:37:17+0100 : 2|admin|misc|ping|[]
2017-01-02T12:00:14+0100 : 2|admin|misc|ping|[]
2017-01-02T12:23:11+0100 : 2|admin|misc|ping|[]
2017-01-02T12:46:29+0100 : 2|admin|misc|ping|[]
2017-01-02T13:09:38+0100 : 2|admin|misc|ping|[]
2017-01-02T13:32:38+0100 : 2|admin|misc|ping|[]
2017-01-02T13:55:37+0100 : 2|admin|misc|ping|[]
2017-01-02T14:18:37+0100 : 2|admin|misc|ping|[]
2017-01-02T14:41:38+0100 : 2|admin|misc|ping|[]
2017-01-02T14:48:48+0100 : 2|admin|class|get-tree|{"grouped":"1","node":"0"}
2017-01-02T14:49:14+0100 : 2|admin|class|add|{"name":"cHeadDesc"}
2017-01-02T14:49:15+0100 : 2|admin|class|get-tree|{"grouped":"1","node":"0"}
2017-01-02T14:49:15+0100 : 2|admin|class|get|{"id":"1"}
2017-01-02T14:49:15+0100 : 2|admin|class|get-tree|{"createAllowed":"true","page":"1","start":"0","limit":"25"}
2017-01-02T14:49:15+0100 : 2|admin|class|get-tree|{"page":"1","start":"0","limit":"25"}
2017-01-02T14:49:17+0100 : 2|admin|index|index|[]
2017-01-02T14:49:37+0100 : 2|admin|translation|add-admin-translation-keys|{"keys":"[\"cheaddesc\",\"cheaddesc\",\"cheaddesc\"]"}
2017-01-02T15:04:38+0100 : 2|admin|misc|ping|[]
2017-01-02T15:27:38+0100 : 2|admin|misc|ping|[]
2017-01-02T15:29:41+0100 : 2|admin|settings|properties|{"xaction":"read"}
2017-01-02T15:29:43+0100 : 2|admin|settings|properties|{"xaction":"create","data":"{\"name\":\"New Property\",\"key\":\"new_key\",\"..."}
2017-01-02T15:29:52+0100 : 2|admin|settings|properties|{"xaction":"update","data":"{\"name\":\"New Property\",\"key\":\"new_key\",\"..."}
2017-01-02T15:31:29+0100 : 2|admin|page|get-data-by-id|{"id":"1"}
2017-01-02T15:31:35+0100 : 2|admin|misc|script-proxy|{"scriptPath":"\/website\/var\/system\/","scripts":"minified_javascript_core_2a38f35903e3c92..."}
2017-01-02T15:31:35+0100 : 2|admin|misc|json-translations-system|{"language":"en"}
2017-01-02T15:31:35+0100 : 2|admin|misc|json-translations-admin|{"language":"en"}
2017-01-02T15:31:41+0100 : 2|admin|misc|get-available-modules|{"page":"1","start":"0","limit":"25"}
2017-01-02T15:31:41+0100 : 2|admin|misc|get-available-templates|{"page":"1","start":"0","limit":"25"}
2017-01-02T15:32:15+0100 : 2|admin|document|get-versions|{"id":"1","page":"1","start":"0","limit":"25"}
2017-01-02T15:33:30+0100 : 2|admin|page|save|{"task":"publish","id":"1","data":"[]","properties":"{\"language\":{\"data\":null,\"type\":\"text\",\"...","scheduler":"[{\"date\":\"2017-01-02\",\"active\":true}]","settings":"{\"title\":\"\",\"description\":\"\",\"prettyUrl\"..."}
2017-01-02T15:33:32+0100 : 2|admin|document|get-versions|{"id":"1","page":"1","start":"0","limit":"25"}
2017-01-02T15:33:37+0100 : 2|admin|page|remove-from-session|{"id":"1"}
2017-01-02T15:33:37+0100 : 2|admin|element|unlock-element|{"id":"1","type":"document"}
2017-01-02T15:33:38+0100 : 2|admin|page|get-data-by-id|{"id":"1"}
2017-01-02T15:33:40+0100 : 2|admin|misc|json-translations-admin|{"language":"en"}
2017-01-02T15:33:40+0100 : 2|admin|misc|json-translations-system|{"language":"en"}
2017-01-02T15:33:42+0100 : 2|admin|document|get-versions|{"id":"1","page":"1","start":"0","limit":"25"}
2017-01-02T15:33:51+0100 : 2|admin|misc|get-available-modules|{"page":"1","start":"0","limit":"25"}
2017-01-02T15:33:51+0100 : 2|admin|misc|get-available-templates|{"page":"1","start":"0","limit":"25"}
2017-01-02T15:33:52+0100 : 2|admin|page|save-to-session|{"id":"1","data":"[]","properties":"{\"language\":{\"data\":null,\"type\":\"text\",\"...","settings":"{\"title\":\"\",\"description\":\"\",\"prettyUrl\"..."}
2017-01-02T15:34:09+0100 : 2|admin|page|clear-editable-data|{"persona":"null","id":"1"}
2017-01-02T15:34:10+0100 : 2|admin|misc|json-translations-admin|{"language":"en"}
2017-01-02T15:34:10+0100 : 2|admin|misc|json-translations-system|{"language":"en"}
2017-01-02T15:34:17+0100 : 2|admin|tags|load-tags-for-element|{"assignmentCId":"1","assignmentCType":"document","page":"1","start":"0","limit":"25"}
2017-01-02T15:34:17+0100 : 2|admin|tags|tree-get-children-by-id|{"showSelection":"true","assignmentCId":"1","assignmentCType":"document","node":"0"}
2017-01-02T15:43:21+0100 : 2|admin|class|save|{"configuration":"{\"childs\":[{\"name\":\"Layout\",\"datatype\":\"...","values":"{\"id\":1,\"name\":\"cHeadDesc\",\"description\"...","id":"1"}
2017-01-02T15:43:23+0100 : 2|admin|class|get-tree|{"page":"1","start":"0","limit":"25"}
2017-01-02T15:43:23+0100 : 2|admin|class|get-tree|{"grouped":"1","node":"0"}
2017-01-02T15:43:23+0100 : 2|admin|class|get-tree|{"createAllowed":"true","page":"1","start":"0","limit":"25"}
2017-01-02T15:43:44+0100 : 2|admin|misc|get-valid-filename|{"value":"headdes","type":"object"}
2017-01-02T15:43:45+0100 : 2|admin|object|add-folder|{"elementType":"object","parentId":"1","key":"headdes"}
2017-01-02T15:43:46+0100 : 2|admin|object|tree-get-childs-by-id|{"limit":"30","view":"null","fromPaging":"0","start":"0","node":"1"}
2017-01-02T15:43:57+0100 : 2|admin|object|add|{"elementType":"object","parentId":"2","className":"cHeadDesc","classId":"1","key":"headdes"}
2017-01-02T15:43:58+0100 : 2|admin|object|get|{"id":"3"}
2017-01-02T15:43:58+0100 : 2|admin|object|tree-get-childs-by-id|{"limit":"30","view":"null","fromPaging":"0","start":"0","node":"2"}
2017-01-02T15:44:07+0100 : 2|admin|translation|add-admin-translation-keys|{"keys":"[\"master (admin mode)\",\"master\",\"info\",\"..."}
2017-01-02T15:44:28+0100 : 2|admin|object|save|{"task":"publish","id":"3","modificationDate":"1483368237","data":"{\"localizedfields\":{\"en\":{\"Info\":[{\"data...","general":"{\"o_className\":\"cHeadDesc\",\"o_published\"..."}
2017-01-02T15:44:29+0100 : 2|admin|object|get-versions|{"id":"3","page":"1","start":"0","limit":"25"}
2017-01-02T15:44:46+0100 : 2|admin|object|save|{"task":"publish","id":"3","modificationDate":"1483368268","data":"{\"localizedfields\":{\"en\":{\"Info\":[{\"data...","general":"{\"o_className\":\"cHeadDesc\",\"o_published\"..."}
2017-01-02T15:44:47+0100 : 2|admin|object|get-versions|{"id":"3","page":"1","start":"0","limit":"25"}
2017-01-02T15:46:02+0100 : 2|admin|index|index|[]
2017-01-02T15:46:05+0100 : 2|admin|misc|json-translations-system|{"language":"en"}
2017-01-02T15:46:05+0100 : 2|admin|misc|admin-css|{"extjs6":"true?_dc=4008"}
2017-01-02T15:46:05+0100 : 2|admin|misc|available-languages|[]
2017-01-02T15:46:05+0100 : 2|admin|misc|json-translations-admin|{"language":"en"}
2017-01-02T15:46:05+0100 : 2|admin|user|get-current-user|[]
2017-01-02T15:46:05+0100 : 2|admin|user|get-image|[]
2017-01-02T15:46:11+0100 : 2|admin|misc|ping|[]
2017-01-02T15:46:11+0100 : 2|admin|misc|ping|[]
2017-01-02T15:46:11+0100 : 2|admin|misc|ping|[]
2017-01-02T15:46:11+0100 : 2|admin|misc|ping|[]
2017-01-02T15:46:11+0100 : 2|admin|misc|ping|[]
2017-01-02T15:46:11+0100 : 2|admin|misc|ping|[]
2017-01-02T15:46:11+0100 : 2|admin|misc|ping|[]
2017-01-02T15:46:12+0100 : 2|admin|misc|ping|[]
2017-01-02T15:46:12+0100 : 2|admin|misc|ping|[]
2017-01-02T15:46:12+0100 : 2|admin|misc|ping|[]
2017-01-02T15:46:12+0100 : 2|admin|misc|ping|[]
2017-01-02T15:46:12+0100 : 2|admin|misc|ping|[]
2017-01-02T15:46:12+0100 : 2|admin|misc|ping|[]
2017-01-02T15:46:12+0100 : 2|admin|misc|ping|[]
2017-01-02T15:46:12+0100 : 2|admin|misc|ping|[]
2017-01-02T15:46:13+0100 : 2|admin|misc|ping|[]
2017-01-02T15:46:13+0100 : 2|admin|misc|ping|[]
2017-01-02T15:46:13+0100 : 2|admin|misc|ping|[]
2017-01-02T15:46:13+0100 : 2|admin|misc|ping|[]
2017-01-02T15:46:13+0100 : 2|admin|misc|ping|[]
2017-01-02T15:46:13+0100 : 2|admin|misc|ping|[]
2017-01-02T15:46:13+0100 : 2|admin|misc|ping|[]
2017-01-02T15:46:13+0100 : 2|admin|misc|ping|[]
2017-01-02T15:46:14+0100 : 2|admin|misc|ping|[]
2017-01-02T15:46:14+0100 : 2|admin|misc|ping|[]
2017-01-02T15:46:14+0100 : 2|admin|misc|ping|[]
2017-01-02T15:46:14+0100 : 2|admin|misc|ping|[]
2017-01-02T15:46:14+0100 : 2|admin|misc|ping|[]
2017-01-02T15:46:14+0100 : 2|admin|misc|ping|[]
2017-01-02T15:46:14+0100 : 2|admin|misc|ping|[]
2017-01-02T15:46:14+0100 : 2|admin|misc|ping|[]
2017-01-02T15:46:15+0100 : 2|admin|misc|ping|[]
2017-01-02T15:46:15+0100 : 2|admin|misc|ping|[]
2017-01-02T15:46:15+0100 : 2|admin|misc|ping|[]
2017-01-02T15:46:15+0100 : 2|admin|misc|ping|[]
2017-01-02T15:46:15+0100 : 2|admin|misc|ping|[]
2017-01-02T15:46:15+0100 : 2|admin|misc|ping|[]
2017-01-02T15:46:15+0100 : 2|admin|misc|ping|[]
2017-01-02T15:46:16+0100 : 2|admin|misc|ping|[]
2017-01-02T15:46:16+0100 : 2|admin|misc|ping|[]
2017-01-02T15:46:16+0100 : 2|admin|misc|ping|[]
2017-01-02T15:46:16+0100 : 2|admin|misc|ping|[]
2017-01-02T15:46:16+0100 : 2|admin|misc|ping|[]
2017-01-02T15:46:16+0100 : 2|admin|misc|ping|[]
2017-01-02T15:46:16+0100 : 2|admin|misc|ping|[]
2017-01-02T15:46:17+0100 : 2|admin|misc|ping|[]
2017-01-02T15:46:17+0100 : 2|admin|misc|ping|[]
2017-01-02T15:46:17+0100 : 2|admin|misc|ping|[]
2017-01-02T15:46:17+0100 : 2|admin|misc|ping|[]
2017-01-02T15:46:17+0100 : 2|admin|misc|ping|[]
2017-01-02T15:46:17+0100 : 2|admin|misc|ping|[]
2017-01-02T15:46:17+0100 : 2|admin|misc|ping|[]
2017-01-02T15:46:17+0100 : 2|admin|misc|ping|[]
2017-01-02T15:46:18+0100 : 2|admin|misc|ping|[]
2017-01-02T15:46:18+0100 : 2|admin|misc|ping|[]
2017-01-02T15:46:18+0100 : 2|admin|misc|ping|[]
2017-01-02T15:46:18+0100 : 2|admin|misc|ping|[]
2017-01-02T15:46:18+0100 : 2|admin|misc|ping|[]
2017-01-02T15:46:18+0100 : 2|admin|misc|ping|[]
2017-01-02T15:46:18+0100 : 2|admin|misc|ping|[]
2017-01-02T15:46:18+0100 : 2|admin|misc|ping|[]
2017-01-02T15:46:18+0100 : 2|admin|misc|ping|[]
2017-01-02T15:46:18+0100 : 2|admin|misc|ping|[]
2017-01-02T15:46:19+0100 : 2|admin|misc|ping|[]
2017-01-02T15:46:19+0100 : 2|admin|misc|ping|[]
2017-01-02T15:46:19+0100 : 2|admin|misc|ping|[]
2017-01-02T15:46:19+0100 : 2|admin|misc|ping|[]
2017-01-02T15:46:19+0100 : 2|admin|misc|ping|[]
2017-01-02T15:46:19+0100 : 2|admin|misc|ping|[]
2017-01-02T15:46:19+0100 : 2|admin|misc|ping|[]
2017-01-02T15:46:19+0100 : 2|admin|misc|ping|[]
2017-01-02T15:46:19+0100 : 2|admin|misc|ping|[]
2017-01-02T15:46:20+0100 : 2|admin|misc|ping|[]
2017-01-02T15:46:20+0100 : 2|admin|misc|ping|[]
2017-01-02T15:46:20+0100 : 2|admin|misc|ping|[]
2017-01-02T15:46:20+0100 : 2|admin|misc|ping|[]
2017-01-02T15:46:20+0100 : 2|admin|misc|ping|[]
2017-01-02T15:46:20+0100 : 2|admin|misc|ping|[]
2017-01-02T15:46:20+0100 : 2|admin|misc|ping|[]
2017-01-02T15:46:20+0100 : 2|admin|misc|ping|[]
2017-01-02T15:46:21+0100 : 2|admin|misc|ping|[]
2017-01-02T15:46:21+0100 : 2|admin|misc|ping|[]
2017-01-02T15:46:21+0100 : 2|admin|misc|ping|[]
2017-01-02T15:46:21+0100 : 2|admin|misc|ping|[]
2017-01-02T15:46:21+0100 : 2|admin|misc|ping|[]
2017-01-02T15:46:21+0100 : 2|admin|misc|ping|[]
2017-01-02T15:46:21+0100 : 2|admin|misc|ping|[]
2017-01-02T15:46:22+0100 : 2|admin|misc|ping|[]
2017-01-02T15:46:22+0100 : 2|admin|misc|ping|[]
2017-01-02T15:46:22+0100 : 2|admin|misc|ping|[]
2017-01-02T15:46:22+0100 : 2|admin|misc|ping|[]
2017-01-02T15:46:22+0100 : 2|admin|misc|ping|[]
2017-01-02T15:46:22+0100 : 2|admin|misc|ping|[]
2017-01-02T15:46:22+0100 : 2|admin|misc|ping|[]
2017-01-02T15:46:22+0100 : 2|admin|misc|ping|[]
2017-01-02T15:46:22+0100 : 2|admin|misc|ping|[]
2017-01-02T15:46:23+0100 : 2|admin|misc|ping|[]
2017-01-02T15:46:23+0100 : 2|admin|misc|ping|[]
2017-01-02T15:46:23+0100 : 2|admin|misc|ping|[]
2017-01-02T15:46:23+0100 : 2|admin|misc|ping|[]
2017-01-02T15:46:23+0100 : 2|admin|misc|ping|[]
2017-01-02T15:46:24+0100 : 2|admin|misc|ping|[]
2017-01-02T15:46:24+0100 : 2|admin|misc|ping|[]
2017-01-02T15:46:24+0100 : 2|admin|misc|ping|[]
2017-01-02T15:46:24+0100 : 2|admin|misc|ping|[]
2017-01-02T15:46:24+0100 : 2|admin|misc|ping|[]
2017-01-02T15:46:24+0100 : 2|admin|misc|ping|[]
2017-01-02T15:46:24+0100 : 2|admin|misc|ping|[]
2017-01-02T15:46:25+0100 : 2|admin|misc|ping|[]
2017-01-02T15:46:25+0100 : 2|admin|misc|ping|[]
2017-01-02T15:46:25+0100 : 2|admin|misc|ping|[]
2017-01-02T15:46:25+0100 : 2|admin|misc|ping|[]
2017-01-02T15:46:25+0100 : 2|admin|misc|ping|[]
2017-01-02T15:46:25+0100 : 2|admin|misc|ping|[]
2017-01-02T15:46:25+0100 : 2|admin|misc|ping|[]
2017-01-02T15:46:26+0100 : 2|admin|misc|ping|[]
2017-01-02T15:46:26+0100 : 2|admin|misc|ping|[]
2017-01-02T15:46:26+0100 : 2|admin|misc|ping|[]
2017-01-02T15:46:26+0100 : 2|admin|misc|ping|[]
2017-01-02T15:46:26+0100 : 2|admin|misc|ping|[]
2017-01-02T15:46:26+0100 : 2|admin|misc|ping|[]
2017-01-02T15:46:26+0100 : 2|admin|misc|ping|[]
2017-01-02T15:46:26+0100 : 2|admin|misc|ping|[]
2017-01-02T15:46:26+0100 : 2|admin|misc|ping|[]
2017-01-02T15:46:27+0100 : 2|admin|misc|ping|[]
2017-01-02T15:46:27+0100 : 2|admin|misc|ping|[]
2017-01-02T15:46:27+0100 : 2|admin|misc|ping|[]
2017-01-02T15:46:27+0100 : 2|admin|misc|ping|[]
2017-01-02T15:46:27+0100 : 2|admin|misc|ping|[]
2017-01-02T15:46:27+0100 : 2|admin|misc|ping|[]
2017-01-02T15:46:28+0100 : 2|admin|misc|ping|[]
2017-01-02T15:46:28+0100 : 2|admin|misc|ping|[]
2017-01-02T15:46:28+0100 : 2|admin|misc|ping|[]
2017-01-02T15:46:28+0100 : 2|admin|misc|ping|[]
2017-01-02T15:46:28+0100 : 2|admin|misc|ping|[]
2017-01-02T15:46:28+0100 : 2|admin|misc|ping|[]
2017-01-02T15:46:28+0100 : 2|admin|misc|ping|[]
2017-01-02T15:46:29+0100 : 2|admin|misc|ping|[]
2017-01-02T15:46:29+0100 : 2|admin|misc|ping|[]
2017-01-02T15:46:29+0100 : 2|admin|misc|ping|[]
2017-01-02T15:46:29+0100 : 2|admin|misc|ping|[]
2017-01-02T15:46:29+0100 : 2|admin|misc|ping|[]
2017-01-02T15:46:29+0100 : 2|admin|misc|ping|[]
2017-01-02T15:46:29+0100 : 2|admin|misc|ping|[]
2017-01-02T15:46:29+0100 : 2|admin|misc|ping|[]
2017-01-02T15:46:29+0100 : 2|admin|misc|ping|[]
2017-01-02T15:46:30+0100 : 2|admin|misc|ping|[]
2017-01-02T15:46:30+0100 : 2|admin|misc|ping|[]
2017-01-02T15:46:30+0100 : 2|admin|misc|ping|[]
2017-01-02T15:46:30+0100 : 2|admin|misc|ping|[]
2017-01-02T15:46:30+0100 : 2|admin|misc|ping|[]
2017-01-02T15:46:30+0100 : 2|admin|misc|ping|[]
2017-01-02T15:46:30+0100 : 2|admin|misc|ping|[]
2017-01-02T15:46:31+0100 : 2|admin|misc|ping|[]
2017-01-02T15:46:31+0100 : 2|admin|misc|ping|[]
2017-01-02T15:46:31+0100 : 2|admin|misc|ping|[]
2017-01-02T15:46:31+0100 : 2|admin|misc|ping|[]
2017-01-02T15:46:31+0100 : 2|admin|misc|ping|[]
2017-01-02T15:46:31+0100 : 2|admin|misc|ping|[]
2017-01-02T15:46:32+0100 : 2|admin|misc|ping|[]
2017-01-02T15:46:32+0100 : 2|admin|misc|ping|[]
2017-01-02T15:46:32+0100 : 2|admin|misc|ping|[]
2017-01-02T15:46:32+0100 : 2|admin|misc|ping|[]
2017-01-02T15:46:32+0100 : 2|admin|misc|ping|[]
2017-01-02T15:46:32+0100 : 2|admin|misc|ping|[]
2017-01-02T15:46:32+0100 : 2|admin|misc|ping|[]
2017-01-02T15:46:32+0100 : 2|admin|misc|ping|[]
2017-01-02T15:46:32+0100 : 2|admin|misc|ping|[]
2017-01-02T15:46:33+0100 : 2|admin|misc|ping|[]
2017-01-02T15:46:33+0100 : 2|admin|misc|ping|[]
2017-01-02T15:46:33+0100 : 2|admin|misc|ping|[]
2017-01-02T15:46:33+0100 : 2|admin|misc|ping|[]
2017-01-02T15:46:33+0100 : 2|admin|misc|ping|[]
2017-01-02T15:46:33+0100 : 2|admin|misc|ping|[]
2017-01-02T15:46:33+0100 : 2|admin|misc|ping|[]
2017-01-02T15:46:33+0100 : 2|admin|misc|ping|[]
2017-01-02T15:46:34+0100 : 2|admin|misc|ping|[]
2017-01-02T15:46:34+0100 : 2|admin|misc|ping|[]
2017-01-02T15:46:34+0100 : 2|admin|misc|ping|[]
2017-01-02T15:46:34+0100 : 2|admin|misc|ping|[]
2017-01-02T15:46:34+0100 : 2|admin|misc|ping|[]
2017-01-02T15:46:34+0100 : 2|admin|misc|ping|[]
2017-01-02T15:46:34+0100 : 2|admin|misc|ping|[]
2017-01-02T15:46:35+0100 : 2|admin|misc|ping|[]
2017-01-02T15:46:35+0100 : 2|admin|misc|ping|[]
2017-01-02T15:46:35+0100 : 2|admin|misc|ping|[]
2017-01-02T15:46:35+0100 : 2|admin|misc|ping|[]
2017-01-02T15:46:35+0100 : 2|admin|misc|ping|[]
2017-01-02T15:46:35+0100 : 2|admin|misc|ping|[]
2017-01-02T15:46:35+0100 : 2|admin|misc|ping|[]
2017-01-02T15:46:36+0100 : 2|admin|misc|ping|[]
2017-01-02T15:46:36+0100 : 2|admin|misc|ping|[]
2017-01-02T15:46:36+0100 : 2|admin|misc|ping|[]
2017-01-02T15:46:36+0100 : 2|admin|misc|ping|[]
2017-01-02T15:46:36+0100 : 2|admin|misc|ping|[]
2017-01-02T15:46:36+0100 : 2|admin|misc|ping|[]
2017-01-02T15:46:36+0100 : 2|admin|misc|ping|[]
2017-01-02T15:46:36+0100 : 2|admin|misc|ping|[]
2017-01-02T15:46:37+0100 : 2|admin|misc|ping|[]
2017-01-02T15:46:37+0100 : 2|admin|misc|ping|[]
2017-01-02T15:46:37+0100 : 2|admin|misc|ping|[]
2017-01-02T15:46:37+0100 : 2|admin|misc|ping|[]
2017-01-02T15:46:37+0100 : 2|admin|misc|ping|[]
2017-01-02T15:46:37+0100 : 2|admin|misc|ping|[]
2017-01-02T15:46:37+0100 : 2|admin|misc|ping|[]
2017-01-02T15:46:37+0100 : 2|admin|misc|ping|[]
2017-01-02T15:46:38+0100 : 2|admin|misc|ping|[]
2017-01-02T15:46:38+0100 : 2|admin|misc|ping|[]
2017-01-02T15:46:38+0100 : 2|admin|misc|ping|[]
2017-01-02T15:46:38+0100 : 2|admin|misc|ping|[]
2017-01-02T15:46:38+0100 : 2|admin|misc|ping|[]
2017-01-02T15:46:38+0100 : 2|admin|misc|ping|[]
2017-01-02T15:46:38+0100 : 2|admin|misc|ping|[]
2017-01-02T15:46:38+0100 : 2|admin|misc|ping|[]
2017-01-02T15:46:39+0100 : 2|admin|misc|ping|[]
2017-01-02T15:46:39+0100 : 2|admin|misc|ping|[]
2017-01-02T15:46:39+0100 : 2|admin|misc|ping|[]
2017-01-02T15:46:39+0100 : 2|admin|misc|ping|[]
2017-01-02T15:46:39+0100 : 2|admin|misc|ping|[]
2017-01-02T15:46:39+0100 : 2|admin|misc|ping|[]
2017-01-02T15:46:39+0100 : 2|admin|misc|ping|[]
2017-01-02T15:46:39+0100 : 2|admin|misc|ping|[]
2017-01-02T15:46:40+0100 : 2|admin|misc|ping|[]
2017-01-02T15:46:40+0100 : 2|admin|misc|ping|[]
2017-01-02T15:46:40+0100 : 2|admin|misc|ping|[]
2017-01-02T15:46:40+0100 : 2|admin|misc|ping|[]
2017-01-02T15:46:40+0100 : 2|admin|misc|ping|[]
2017-01-02T15:46:40+0100 : 2|admin|misc|ping|[]
2017-01-02T15:46:40+0100 : 2|admin|misc|ping|[]
2017-01-02T15:46:41+0100 : 2|admin|misc|ping|[]
2017-01-02T15:46:41+0100 : 2|admin|misc|ping|[]
2017-01-02T15:46:41+0100 : 2|admin|misc|ping|[]
2017-01-02T15:46:41+0100 : 2|admin|misc|ping|[]
2017-01-02T15:46:41+0100 : 2|admin|misc|ping|[]
2017-01-02T15:46:41+0100 : 2|admin|misc|ping|[]
2017-01-02T15:46:41+0100 : 2|admin|misc|ping|[]
2017-01-02T15:46:41+0100 : 2|admin|misc|ping|[]
2017-01-02T15:46:41+0100 : 2|admin|misc|ping|[]
2017-01-02T15:46:42+0100 : 2|admin|misc|ping|[]
2017-01-02T15:46:42+0100 : 2|admin|misc|ping|[]
2017-01-02T15:46:42+0100 : 2|admin|misc|ping|[]
2017-01-02T15:46:42+0100 : 2|admin|login|index|{"session_expired":"true","server_error":"true"}
2017-01-02T15:46:42+0100 : 2|admin|misc|ping|[]
2017-01-02T15:46:42+0100 : 2|admin|misc|ping|[]
2017-01-02T15:46:43+0100 : 2|admin|misc|ping|[]
2017-01-02T15:46:44+0100 : 2|admin|misc|ping|[]
2017-01-02T15:46:45+0100 : 2|admin|misc|ping|[]
2017-01-02T15:46:46+0100 : 2|admin|misc|ping|[]
2017-01-02T15:46:47+0100 : 2|admin|misc|ping|[]
2017-01-02T15:46:47+0100 : 2|admin|misc|ping|[]
2017-01-02T15:46:49+0100 : 2|admin|misc|ping|[]
2017-01-02T15:46:49+0100 : 2|admin|misc|ping|[]
2017-01-02T15:46:49+0100 : 2|admin|misc|ping|[]
2017-01-02T15:46:50+0100 : 2|admin|misc|ping|[]
2017-01-02T15:46:50+0100 : 2|admin|misc|ping|[]
2017-01-02T15:46:50+0100 : 2|admin|misc|ping|[]
2017-01-02T15:47:20+0100 : 2|admin|misc|ping|[]
2017-01-02T15:47:24+0100 : 2|admin|misc|ping|[]
2017-01-02T15:47:24+0100 : 2|admin|misc|ping|[]
2017-01-02T15:47:37+0100 : 2|admin|misc|ping|[]
2017-01-02T15:47:37+0100 : 2|admin|misc|ping|[]
2017-01-02T15:47:37+0100 : 2|admin|misc|ping|[]
2017-01-02T15:47:37+0100 : 2|admin|misc|ping|[]
2017-01-02T15:47:37+0100 : 2|admin|misc|ping|[]
2017-01-02T15:47:37+0100 : 2|admin|login|index|{"session_expired":"true","server_error":"true"}
2017-01-02T15:47:37+0100 : 2|admin|misc|ping|[]
2017-01-02T15:47:38+0100 : 2|admin|misc|ping|[]
2017-01-02T15:47:38+0100 : 2|admin|misc|ping|[]
2017-01-02T15:47:38+0100 : 2|admin|misc|ping|[]
2017-01-02T15:47:38+0100 : 2|admin|misc|ping|[]
2017-01-02T15:47:38+0100 : 2|admin|misc|ping|[]
2017-01-02T15:47:38+0100 : 2|admin|misc|ping|[]
2017-01-02T15:47:38+0100 : 2|admin|index|index|[]
2017-01-02T15:47:41+0100 : 2|admin|misc|available-languages|[]
2017-01-02T15:47:42+0100 : 2|admin|user|get-current-user|[]
2017-01-02T15:47:42+0100 : 2|admin|misc|json-translations-admin|{"language":"en"}
2017-01-02T15:47:42+0100 : 2|admin|misc|json-translations-system|{"language":"en"}
2017-01-02T15:47:42+0100 : 2|admin|user|get-image|[]
2017-01-02T15:47:42+0100 : 2|admin|misc|admin-css|{"extjs6":"true?_dc=4008"}
2017-01-02T15:47:45+0100 : 2|admin|document|tree-get-root|{"id":"1","view":"null"}
2017-01-02T15:47:45+0100 : 2|admin|class|get-tree|{"createAllowed":"true","page":"1","start":"0","limit":"25"}
2017-01-02T15:47:46+0100 : 2|reports|targeting|persona-list|{"page":"1","start":"0","limit":"25"}
2017-01-02T15:47:46+0100 : 2|admin|class|get-tree|{"page":"1","start":"0","limit":"25"}
2017-01-02T15:47:46+0100 : 2|admin|settings|get-available-admin-languages|{"page":"1","start":"0","limit":"25"}
2017-01-02T15:47:46+0100 : 2|admin|settings|get-available-sites|{"page":"1","start":"0","limit":"25"}
2017-01-02T15:47:46+0100 : 2|admin|object|tree-get-root|{"id":"null","view":"null"}
2017-01-02T15:47:46+0100 : 2|admin|document|doc-types|{"xaction":"read","page":"1","start":"0","limit":"25"}
2017-01-02T15:47:47+0100 : 2|admin|asset|tree-get-root|{"id":"1","view":"null"}
2017-01-02T15:47:47+0100 : 2|admin|portal|dashboard-list|[]
2017-01-02T15:47:48+0100 : 2|admin|object|tree-get-childs-by-id|{"limit":"30","view":"null","node":"1"}
2017-01-02T15:47:48+0100 : 2|admin|object|tree-get-childs-by-id|{"limit":"30","view":"null","node":"1"}
2017-01-02T15:47:48+0100 : 2|reports|custom-report|get-report-config|[]
2017-01-02T15:47:49+0100 : 2|admin|object|get|{"id":"3","layoutId":"null"}
2017-01-02T15:47:49+0100 : 2|admin|page|get-data-by-id|{"id":"1"}
2017-01-02T15:47:52+0100 : 2|admin|misc|json-translations-system|{"language":"en"}
2017-01-02T15:47:52+0100 : 2|admin|misc|json-translations-admin|{"language":"en"}
2017-01-02T15:48:02+0100 : 2|admin|settings|get-system|[]
2017-01-02T15:48:14+0100 : 2|admin|translation|add-admin-translation-keys|{"keys":"[\"cheaddesc\",\"cheaddesc\",\"master (admin ..."}
2017-01-02T15:48:17+0100 : 2|admin|settings|set-system|{"data":"{\"general.timezone\":\"Europe\\\/Berlin\",\"ge..."}
2017-01-02T15:48:22+0100 : 2|admin|index|index|[]
2017-01-02T15:48:25+0100 : 2|admin|misc|admin-css|{"extjs6":"true?_dc=4008"}
2017-01-02T15:48:25+0100 : 2|admin|user|get-image|[]
2017-01-02T15:48:25+0100 : 2|admin|misc|json-translations-admin|{"language":"en"}
2017-01-02T15:48:25+0100 : 2|admin|misc|json-translations-system|{"language":"en"}
2017-01-02T15:48:25+0100 : 2|admin|misc|available-languages|[]
2017-01-02T15:48:25+0100 : 2|admin|user|get-current-user|[]
2017-01-02T15:48:26+0100 : 2|admin|misc|script-proxy|{"scriptPath":"\/website\/var\/system\/","scripts":"minified_javascript_core_ebf1f6ae2be64f2..."}
2017-01-02T15:48:29+0100 : 2|admin|settings|get-available-sites|{"page":"1","start":"0","limit":"25"}
2017-01-02T15:48:29+0100 : 2|admin|class|get-tree|{"createAllowed":"true","page":"1","start":"0","limit":"25"}
2017-01-02T15:48:29+0100 : 2|admin|class|get-tree|{"page":"1","start":"0","limit":"25"}
2017-01-02T15:48:29+0100 : 2|reports|targeting|persona-list|{"page":"1","start":"0","limit":"25"}
2017-01-02T15:48:29+0100 : 2|admin|settings|get-available-admin-languages|{"page":"1","start":"0","limit":"25"}
2017-01-02T15:48:29+0100 : 2|admin|document|tree-get-root|{"id":"1","view":"null"}
2017-01-02T15:48:29+0100 : 2|admin|asset|tree-get-root|{"id":"1","view":"null"}
2017-01-02T15:48:30+0100 : 2|admin|object|tree-get-root|{"id":"null","view":"null"}
2017-01-02T15:48:30+0100 : 2|admin|portal|dashboard-list|[]
2017-01-02T15:48:30+0100 : 2|admin|document|doc-types|{"xaction":"read","page":"1","start":"0","limit":"25"}
2017-01-02T15:48:31+0100 : 2|admin|object|tree-get-childs-by-id|{"limit":"30","view":"null","node":"1"}
2017-01-02T15:48:31+0100 : 2|admin|object|tree-get-childs-by-id|{"limit":"30","view":"null","node":"1"}
2017-01-02T15:48:31+0100 : 2|reports|custom-report|get-report-config|[]
2017-01-02T15:48:31+0100 : 2|admin|page|get-data-by-id|{"id":"1"}
2017-01-02T15:48:31+0100 : 2|admin|object|get|{"id":"3","layoutId":"null"}
2017-01-02T15:48:34+0100 : 2|admin|misc|json-translations-admin|{"language":"en"}
2017-01-02T15:48:35+0100 : 2|admin|misc|json-translations-system|{"language":"en"}
2017-01-02T15:48:58+0100 : 2|admin|translation|add-admin-translation-keys|{"keys":"[\"cheaddesc\",\"cheaddesc\",\"master (admin ..."}
2017-01-02T15:56:24+0100 : 2|admin|class|get-tree|{"grouped":"1","node":"0"}
2017-01-02T15:56:26+0100 : 2|admin|class|get|{"id":"1"}
2017-01-02T15:56:27+0100 : 2|admin|index|index|[]
2017-01-02T15:56:41+0100 : 2|admin|class|save|{"configuration":"{\"childs\":[{\"name\":\"Layout\",\"datatype\":\"...","values":"{\"id\":1,\"name\":\"cHeadDesc\",\"description\"...","id":"1"}
2017-01-02T15:56:43+0100 : 2|admin|class|get-tree|{"grouped":"1","node":"0"}
2017-01-02T15:56:43+0100 : 2|admin|class|get-tree|{"page":"1","start":"0","limit":"25"}
2017-01-02T15:56:43+0100 : 2|admin|class|get-tree|{"createAllowed":"true","page":"1","start":"0","limit":"25"}
2017-01-02T15:56:59+0100 : 2|admin|class|add|{"name":"cImage"}
2017-01-02T15:57:00+0100 : 2|admin|class|get|{"id":"2"}
2017-01-02T15:57:00+0100 : 2|admin|class|get-tree|{"page":"1","start":"0","limit":"25"}
2017-01-02T15:57:00+0100 : 2|admin|class|get-tree|{"grouped":"1","node":"0"}
2017-01-02T15:57:00+0100 : 2|admin|class|get-tree|{"createAllowed":"true","page":"1","start":"0","limit":"25"}
2017-01-02T15:57:01+0100 : 2|admin|index|index|[]
2017-01-02T15:57:28+0100 : 2|admin|translation|add-admin-translation-keys|{"keys":"[\"cimage\",\"cimage\",\"cimage\"]"}
2017-01-02T15:58:12+0100 : 2|admin|class|save|{"configuration":"{\"childs\":[{\"name\":\"Layout\",\"datatype\":\"...","values":"{\"id\":2,\"name\":\"cImage\",\"description\":\"\"...","id":"2"}
2017-01-02T15:58:14+0100 : 2|admin|class|get-tree|{"grouped":"1","node":"0"}
2017-01-02T15:58:14+0100 : 2|admin|class|get-tree|{"createAllowed":"true","page":"1","start":"0","limit":"25"}
2017-01-02T15:58:15+0100 : 2|admin|class|get-tree|{"page":"1","start":"0","limit":"25"}
2017-01-02T15:58:17+0100 : 2|admin|object|tree-get-childs-by-id|{"limit":"30","view":"null","fromPaging":"0","start":"0","node":"2"}
2017-01-02T15:58:23+0100 : 2|admin|misc|get-valid-filename|{"value":"image","type":"object"}
2017-01-02T15:58:24+0100 : 2|admin|object|add|{"elementType":"object","parentId":"3","className":"cImage","classId":"2","key":"image"}
2017-01-02T15:58:24+0100 : 2|admin|object|tree-get-childs-by-id|{"limit":"30","view":"null","fromPaging":"0","start":"0","node":"3"}
2017-01-02T15:58:24+0100 : 2|admin|object|get|{"id":"4"}
2017-01-02T15:58:28+0100 : 2|admin|translation|add-admin-translation-keys|{"keys":"[\"image\",\"image\"]"}
2017-01-02T15:58:38+0100 : 2|admin|index|index|[]
2017-01-02T15:58:46+0100 : 2|admin|index|index|[]
2017-01-02T15:58:49+0100 : 2|admin|class|save|{"configuration":"{\"childs\":[{\"name\":\"Layout\",\"datatype\":\"...","values":"{\"id\":2,\"name\":\"cImage\",\"description\":\"\"...","id":"2"}
2017-01-02T15:58:50+0100 : 2|admin|class|get-tree|{"page":"1","start":"0","limit":"25"}
2017-01-02T15:58:50+0100 : 2|admin|class|get-tree|{"createAllowed":"true","page":"1","start":"0","limit":"25"}
2017-01-02T15:58:50+0100 : 2|admin|class|get-tree|{"grouped":"1","node":"0"}
2017-01-02T15:58:56+0100 : 2|admin|element|unlock-element|{"id":"4","type":"object"}
2017-01-02T15:58:57+0100 : 2|admin|object|get|{"id":"4"}
2017-01-02T16:00:32+0100 : 2|admin|misc|get-valid-filename|{"value":"headedec","type":"object"}
2017-01-02T16:00:33+0100 : 2|admin|object|add|{"elementType":"object","parentId":"3","className":"cHeadDesc","classId":"1","key":"headedec"}
2017-01-02T16:00:34+0100 : 2|admin|object|tree-get-childs-by-id|{"limit":"30","view":"null","fromPaging":"0","start":"0","node":"3"}
2017-01-02T16:00:34+0100 : 2|admin|object|get|{"id":"5"}
2017-01-02T16:09:29+0100 : 2|admin|object|delete-info|{"id":"5"}
2017-01-02T16:09:31+0100 : 2|admin|element|unlock-element|{"id":"5","type":"object"}
2017-01-02T16:09:32+0100 : 2|admin|recyclebin|add|{"type":"object","id":"5"}
2017-01-02T16:09:33+0100 : 2|admin|object|delete|{"id":"5"}
2017-01-02T16:09:36+0100 : 2|admin|object|delete-info|{"id":"4"}
2017-01-02T16:09:38+0100 : 2|admin|element|unlock-element|{"id":"4","type":"object"}
2017-01-02T16:09:39+0100 : 2|admin|recyclebin|add|{"type":"object","id":"4"}
2017-01-02T16:09:39+0100 : 2|admin|object|delete|{"id":"4"}
2017-01-02T16:11:29+0100 : 2|admin|misc|ping|[]
2017-01-02T16:34:28+0100 : 2|admin|misc|ping|[]
2017-01-02T16:34:46+0100 : 2|admin|classificationstore|storetree|{"node":"root"}
2017-01-02T16:36:23+0100 : 2|admin|classificationstore|create-store|{"name":"headdes"}
2017-01-02T16:36:23+0100 : 2|admin|classificationstore|storetree|{"node":"root"}
2017-01-02T16:36:24+0100 : 2|admin|classificationstore|collections|{"xaction":"read","storeId":"1","page":"1","start":"0","limit":"25"}
2017-01-02T16:36:24+0100 : 2|admin|classificationstore|collections|{"xaction":"read","storeId":"1","page":"1","start":"0","limit":"25"}
2017-01-02T16:36:24+0100 : 2|admin|classificationstore|groups|{"xaction":"read","storeId":"1","page":"1","start":"0","limit":"25"}
2017-01-02T16:36:24+0100 : 2|admin|classificationstore|groups|{"xaction":"read","storeId":"1","page":"1","start":"0","limit":"25"}
2017-01-02T16:36:24+0100 : 2|admin|classificationstore|properties|{"xaction":"read","storeId":"1","page":"1","start":"0","limit":"25"}
2017-01-02T16:36:24+0100 : 2|admin|classificationstore|properties|{"xaction":"read","storeId":"1","page":"1","start":"0","limit":"25"}
2017-01-02T16:36:34+0100 : 2|admin|classificationstore|properties|{"xaction":"read","storeId":"1","page":"1","start":"0","limit":"25"}
2017-01-02T16:37:05+0100 : 2|admin|classificationstore|properties|{"xaction":"read","storeId":"1","page":"1","start":"0","limit":"25"}
2017-01-02T16:37:13+0100 : 2|admin|classificationstore|add-property|{"name":"heading","storeId":"1"}
2017-01-02T16:37:14+0100 : 2|admin|classificationstore|properties|{"xaction":"read","overrideSort":"true","storeId":"1","page":"1","start":"0","limit":"25"}
2017-01-02T16:38:27+0100 : 2|admin|classificationstore|add-property|{"name":"description","storeId":"1"}
2017-01-02T16:38:27+0100 : 2|admin|classificationstore|properties|{"xaction":"read","overrideSort":"true","storeId":"1","page":"1","start":"0","limit":"25"}
2017-01-02T16:39:33+0100 : 2|admin|classificationstore|create-group|{"name":"group1","storeId":"1"}
2017-01-02T16:39:34+0100 : 2|admin|classificationstore|groups|{"xaction":"read","overrideSort":"true","storeId":"1","page":"1","start":"0","limit":"25"}
2017-01-02T16:39:34+0100 : 2|admin|classificationstore|relations|{"xaction":"read","storeId":"1","groupId":"1","page":"1","start":"0","limit":"25"}
2017-01-02T16:39:42+0100 : 2|admin|classificationstore|properties|{"xaction":"read","overrideSort":"false","storeId":"1","page":"1","start":"0","limit":"25"}
2017-01-02T16:39:47+0100 : 2|admin|classificationstore|properties|{"storeId":"1","page":"1","start":"0","limit":"25"}
2017-01-02T16:39:52+0100 : 2|admin|classificationstore|properties|{"keyIds":"[1]"}
2017-01-02T16:39:53+0100 : 2|admin|classificationstore|relations|{"xaction":"create","storeId":"1","groupId":"1","data":"{\"keyId\":\"1\",\"keyName\":\"heading\",\"keyDes..."}
2017-01-02T16:40:08+0100 : 2|admin|classificationstore|create-group|{"name":"group2","storeId":"1"}
2017-01-02T16:40:08+0100 : 2|admin|classificationstore|groups|{"xaction":"read","overrideSort":"true","storeId":"1","page":"1","start":"0","limit":"25"}
2017-01-02T16:40:09+0100 : 2|admin|classificationstore|relations|{"xaction":"read","storeId":"1","groupId":"2","page":"1","start":"0","limit":"25"}
2017-01-02T16:40:12+0100 : 2|admin|classificationstore|properties|{"storeId":"1","page":"1","start":"0","limit":"25"}
2017-01-02T16:40:15+0100 : 2|admin|classificationstore|properties|{"keyIds":"[2]"}
2017-01-02T16:40:16+0100 : 2|admin|classificationstore|relations|{"xaction":"create","storeId":"1","groupId":"2","data":"{\"keyId\":\"2\",\"keyName\":\"description\",\"ke..."}
2017-01-02T16:41:57+0100 : 2|admin|classificationstore|list-stores|{"page":"1","start":"0","limit":"25"}
2017-01-02T16:42:02+0100 : 2|admin|classificationstore|list-stores|{"query":"null","page":"1","start":"0","limit":"25"}
2017-01-02T16:42:22+0100 : 2|admin|classificationstore|list-stores|{"page":"1","start":"0","limit":"25"}
2017-01-02T16:42:27+0100 : 2|admin|class|save|{"configuration":"{\"childs\":[{\"name\":\"Layout\",\"datatype\":\"...","values":"{\"id\":2,\"name\":\"cImage\",\"description\":\"\"...","id":"2"}
2017-01-02T16:42:29+0100 : 2|admin|class|get-tree|{"grouped":"1","node":"0"}
2017-01-02T16:42:29+0100 : 2|admin|class|get-tree|{"createAllowed":"true","page":"1","start":"0","limit":"25"}
2017-01-02T16:42:29+0100 : 2|admin|class|get-tree|{"page":"1","start":"0","limit":"25"}
2017-01-02T16:42:36+0100 : 2|admin|element|unlock-element|{"id":"3","type":"object"}
2017-01-02T16:42:37+0100 : 2|admin|object|get|{"id":"3","layoutId":"null"}
2017-01-02T16:43:04+0100 : 2|admin|class|save|{"configuration":"{\"childs\":[{\"name\":\"Layout\",\"datatype\":\"...","values":"{\"id\":2,\"name\":\"cImage\",\"description\":\"\"...","id":"2"}
2017-01-02T16:43:05+0100 : 2|admin|class|get-tree|{"grouped":"1","node":"0"}
2017-01-02T16:43:05+0100 : 2|admin|class|get-tree|{"createAllowed":"true","page":"1","start":"0","limit":"25"}
2017-01-02T16:43:05+0100 : 2|admin|class|get-tree|{"page":"1","start":"0","limit":"25"}
2017-01-02T16:43:11+0100 : 2|admin|element|unlock-element|{"id":"3","type":"object"}
2017-01-02T16:43:12+0100 : 2|admin|object|get|{"id":"3","layoutId":"null"}
2017-01-02T16:43:37+0100 : 2|admin|classificationstore|list-stores|{"page":"1","start":"0","limit":"25"}
2017-01-02T16:43:42+0100 : 2|admin|class|save|{"configuration":"{\"childs\":[{\"name\":\"Layout\",\"datatype\":\"...","values":"{\"id\":1,\"name\":\"cHeadDesc\",\"description\"...","id":"1"}
2017-01-02T16:43:44+0100 : 2|admin|class|get-tree|{"grouped":"1","node":"0"}
2017-01-02T16:43:44+0100 : 2|admin|class|get-tree|{"page":"1","start":"0","limit":"25"}
2017-01-02T16:43:44+0100 : 2|admin|class|get-tree|{"createAllowed":"true","page":"1","start":"0","limit":"25"}
2017-01-02T16:43:50+0100 : 2|admin|element|unlock-element|{"id":"3","type":"object"}
2017-01-02T16:43:51+0100 : 2|admin|object|get|{"id":"3","layoutId":"null"}
2017-01-02T16:43:58+0100 : 2|admin|translation|add-admin-translation-keys|{"keys":"[\"store\"]"}
2017-01-02T16:44:19+0100 : 2|admin|class|save|{"configuration":"{\"childs\":[{\"name\":\"Layout\",\"datatype\":\"...","values":"{\"id\":1,\"name\":\"cHeadDesc\",\"description\"...","id":"1"}
2017-01-02T16:44:20+0100 : 2|admin|class|get-tree|{"grouped":"1","node":"0"}
2017-01-02T16:44:20+0100 : 2|admin|class|get-tree|{"createAllowed":"true","page":"1","start":"0","limit":"25"}
2017-01-02T16:44:20+0100 : 2|admin|class|get-tree|{"page":"1","start":"0","limit":"25"}
2017-01-02T16:44:24+0100 : 2|admin|element|unlock-element|{"id":"3","type":"object"}
2017-01-02T16:44:25+0100 : 2|admin|object|get|{"id":"3","layoutId":"null"}
2017-01-02T16:44:32+0100 : 2|admin|classificationstore|collections|{"storeId":"1","oid":"3","fieldname":"Store","page":"1","start":"0","limit":"25"}
2017-01-02T16:44:35+0100 : 2|admin|classificationstore|groups|{"storeId":"1","oid":"3","fieldname":"Store","page":"1","start":"0","limit":"25"}
2017-01-02T16:44:45+0100 : 2|admin|classificationstore|collections|{"storeId":"1","oid":"3","fieldname":"Store","page":"1","start":"0","limit":"25"}
2017-01-02T16:44:46+0100 : 2|admin|classificationstore|groups|{"storeId":"1","oid":"3","fieldname":"Store","page":"1","start":"0","limit":"25"}
2017-01-02T16:44:50+0100 : 2|admin|classificationstore|add-groups|{"groupIds":"[1]"}
2017-01-02T16:44:58+0100 : 2|admin|translation|add-admin-translation-keys|{"keys":"[\"group1\"]"}
2017-01-02T16:47:41+0100 : 2|admin|classificationstore|list-stores|{"page":"1","start":"0","limit":"25"}
2017-01-02T16:47:45+0100 : 2|admin|class|save|{"configuration":"{\"childs\":[{\"name\":\"Layout\",\"datatype\":\"...","values":"{\"id\":1,\"name\":\"cHeadDesc\",\"description\"...","id":"1"}
2017-01-02T16:47:46+0100 : 2|admin|class|get-tree|{"grouped":"1","node":"0"}
2017-01-02T16:47:46+0100 : 2|admin|class|get-tree|{"createAllowed":"true","page":"1","start":"0","limit":"25"}
2017-01-02T16:47:46+0100 : 2|admin|class|get-tree|{"page":"1","start":"0","limit":"25"}
2017-01-02T16:47:54+0100 : 2|admin|element|unlock-element|{"id":"3","type":"object"}
2017-01-02T16:47:55+0100 : 2|admin|object|get|{"id":"3","layoutId":"null"}
2017-01-02T16:55:44+0100 : 2|admin|classificationstore|properties|{"xaction":"read","overrideSort":"false","storeId":"1","page":"1","start":"0","limit":"25"}
2017-01-02T16:55:50+0100 : 2|admin|classificationstore|properties|{"xaction":"update","storeId":"1","data":"{\"storeId\":\"1\",\"id\":2,\"name\":\"descriptio..."}
2017-01-02T16:57:28+0100 : 2|admin|misc|ping|[]
2017-01-02T17:20:29+0100 : 2|admin|misc|ping|[]
2017-01-02T17:43:29+0100 : 2|admin|misc|ping|[]
2017-01-02T18:06:38+0100 : 2|admin|misc|ping|[]
2017-01-02T18:29:29+0100 : 2|admin|misc|ping|[]
2017-01-02T18:52:29+0100 : 2|admin|misc|ping|[]
2017-01-02T19:15:29+0100 : 2|admin|misc|ping|[]
2017-01-02T19:38:29+0100 : 2|admin|misc|ping|[]
2017-01-02T20:01:29+0100 : 2|admin|misc|ping|[]
2017-01-02T20:24:29+0100 : 2|admin|misc|ping|[]
2017-01-02T20:47:29+0100 : 2|admin|misc|ping|[]
2017-01-03T07:14:56+0100 : 0|admin|login|index|[]
2017-01-03T07:15:23+0100 : 0|admin|login|login|{"username":"admin"}
2017-01-03T07:15:25+0100 : 2|admin|index|index|[]
2017-01-03T07:15:45+0100 : 2|admin|misc|json-translations-system|{"language":"en"}
2017-01-03T07:15:45+0100 : 2|admin|user|get-image|[]
2017-01-03T07:15:45+0100 : 2|admin|misc|json-translations-admin|{"language":"en"}
2017-01-03T07:15:45+0100 : 2|admin|misc|admin-css|{"extjs6":"true?_dc=4008"}
2017-01-03T07:15:46+0100 : 2|admin|misc|available-languages|[]
2017-01-03T07:15:46+0100 : 2|admin|user|get-current-user|[]
2017-01-03T07:15:47+0100 : 2|admin|misc|script-proxy|{"scriptPath":"\/website\/var\/system\/","scripts":"minified_javascript_core_ebf1f6ae2be64f2..."}
2017-01-03T07:15:54+0100 : 2|admin|class|get-tree|{"page":"1","start":"0","limit":"25"}
2017-01-03T07:15:54+0100 : 2|admin|settings|get-available-sites|{"page":"1","start":"0","limit":"25"}
2017-01-03T07:15:54+0100 : 2|admin|settings|get-available-admin-languages|{"page":"1","start":"0","limit":"25"}
2017-01-03T07:15:54+0100 : 2|admin|class|get-tree|{"createAllowed":"true","page":"1","start":"0","limit":"25"}
2017-01-03T07:15:54+0100 : 2|reports|targeting|persona-list|{"page":"1","start":"0","limit":"25"}
2017-01-03T07:15:55+0100 : 2|admin|document|tree-get-root|{"id":"1","view":"null"}
2017-01-03T07:15:55+0100 : 2|admin|portal|dashboard-list|[]
2017-01-03T07:15:56+0100 : 2|admin|object|tree-get-root|{"id":"null","view":"null"}
2017-01-03T07:15:56+0100 : 2|admin|asset|tree-get-root|{"id":"1","view":"null"}
2017-01-03T07:15:56+0100 : 2|admin|document|doc-types|{"xaction":"read","page":"1","start":"0","limit":"25"}
2017-01-03T07:15:58+0100 : 2|admin|object|tree-get-childs-by-id|{"limit":"30","view":"null","node":"1"}
2017-01-03T07:15:58+0100 : 2|admin|object|tree-get-childs-by-id|{"limit":"30","view":"null","node":"1"}
2017-01-03T07:15:58+0100 : 2|reports|custom-report|get-report-config|[]
2017-01-03T07:16:07+0100 : 2|admin|settings|video-thumbnail-tree|{"node":"0"}
2017-01-03T07:16:14+0100 : 2|admin|class|get-tree|{"grouped":"1","node":"0"}
2017-01-03T07:16:19+0100 : 2|admin|class|get|{"id":"2"}
2017-01-03T07:16:20+0100 : 2|admin|index|index|[]
2017-01-03T07:16:23+0100 : 2|admin|class|get|{"id":"1"}
2017-01-03T07:16:23+0100 : 2|admin|translation|add-admin-translation-keys|{"keys":"[\"cheaddesc\",\"cimage\",\"cheaddesc\",\"cimag..."}
2017-01-03T07:16:24+0100 : 2|admin|index|index|[]
2017-01-03T07:16:42+0100 : 2|admin|class|save|{"configuration":"{\"childs\":[{\"name\":\"Layout\",\"datatype\":\"...","values":"{\"id\":1,\"name\":\"cHeadDesc\",\"description\"...","id":"1"}
2017-01-03T07:16:44+0100 : 2|admin|class|get-tree|{"grouped":"1","node":"0"}
2017-01-03T07:16:45+0100 : 2|admin|class|get-tree|{"createAllowed":"true","page":"1","start":"0","limit":"25"}
2017-01-03T07:16:45+0100 : 2|admin|class|get-tree|{"page":"1","start":"0","limit":"25"}
2017-01-03T07:16:54+0100 : 2|admin|class|save|{"configuration":"{\"childs\":[{\"name\":\"Layout\",\"datatype\":\"...","values":"{\"id\":2,\"name\":\"cImage\",\"description\":\"\"...","id":"2"}
2017-01-03T07:16:56+0100 : 2|admin|class|get-tree|{"page":"1","start":"0","limit":"25"}
2017-01-03T07:16:56+0100 : 2|admin|class|get-tree|{"createAllowed":"true","page":"1","start":"0","limit":"25"}
2017-01-03T07:16:56+0100 : 2|admin|class|get-tree|{"grouped":"1","node":"0"}
2017-01-03T07:17:51+0100 : 2|admin|object|tree-get-childs-by-id|{"limit":"30","view":"null","fromPaging":"0","start":"0","node":"2"}
2017-01-03T07:20:06+0100 : 2|admin|class|get-tree|{"page":"1","start":"0","limit":"25"}
2017-01-03T07:20:06+0100 : 2|admin|class|get-document-types|{"page":"1","start":"0","limit":"25"}
2017-01-03T07:20:06+0100 : 2|admin|class|get-asset-types|{"page":"1","start":"0","limit":"25"}
2017-01-03T07:20:16+0100 : 2|admin|class|save|{"configuration":"{\"childs\":[{\"name\":\"Layout\",\"datatype\":\"...","values":"{\"id\":2,\"name\":\"cImage\",\"description\":\"\"...","id":"2"}
2017-01-03T07:20:19+0100 : 2|admin|class|get-tree|{"grouped":"1","node":"0"}
2017-01-03T07:20:19+0100 : 2|admin|class|get-tree|{"page":"1","start":"0","limit":"25"}
2017-01-03T07:20:19+0100 : 2|admin|class|get-tree|{"createAllowed":"true","page":"1","start":"0","limit":"25"}
2017-01-03T07:20:29+0100 : 2|admin|misc|get-valid-filename|{"value":"image","type":"object"}
2017-01-03T07:20:30+0100 : 2|admin|object|add-folder|{"elementType":"object","parentId":"1","key":"image"}
2017-01-03T07:20:31+0100 : 2|admin|object|tree-get-childs-by-id|{"limit":"30","view":"null","fromPaging":"0","start":"0","node":"1"}
2017-01-03T07:21:09+0100 : 2|admin|object|add|{"elementType":"object","parentId":"4","className":"cImage","classId":"2","key":"image"}
2017-01-03T07:21:11+0100 : 2|admin|object|get|{"id":"5"}
2017-01-03T07:21:11+0100 : 2|admin|object|tree-get-childs-by-id|{"limit":"30","view":"null","fromPaging":"0","start":"0","node":"4"}
2017-01-03T07:21:16+0100 : 2|admin|object|save|{"task":"publish","id":"5","modificationDate":"1483424469","data":"[]","general":"{\"o_className\":\"cImage\",\"o_published\":fa..."}
2017-01-03T07:21:17+0100 : 2|admin|object|get-versions|{"id":"5","page":"1","start":"0","limit":"25"}
2017-01-03T07:21:22+0100 : 2|admin|translation|add-admin-translation-keys|{"keys":"[\"master (admin mode)\",\"master\",\"image\",..."}
2017-01-03T07:21:28+0100 : 2|admin|class|save|{"configuration":"{\"childs\":[{\"name\":\"Layout\",\"datatype\":\"...","values":"{\"id\":2,\"name\":\"cImage\",\"description\":\"\"...","id":"2"}
2017-01-03T07:21:29+0100 : 2|admin|class|get-tree|{"grouped":"1","node":"0"}
2017-01-03T07:21:29+0100 : 2|admin|class|get-tree|{"page":"1","start":"0","limit":"25"}
2017-01-03T07:21:29+0100 : 2|admin|class|get-tree|{"createAllowed":"true","page":"1","start":"0","limit":"25"}
2017-01-03T07:23:15+0100 : 2|admin|misc|get-valid-filename|{"value":"images","type":"asset"}
2017-01-03T07:23:15+0100 : 2|admin|asset|add-folder|{"parentId":"1","name":"images"}
2017-01-03T07:23:16+0100 : 2|admin|asset|tree-get-childs-by-id|{"limit":"30","view":"null","node":"1"}
2017-01-03T07:25:02+0100 : 2|admin|asset|add-asset|{"parentId":"2","dir":"null","filename":"bg.png"}
2017-01-03T07:25:02+0100 : 2|admin|asset|add-asset|{"parentId":"2","dir":"null","filename":"bg-2.png"}
2017-01-03T07:25:02+0100 : 2|admin|asset|add-asset|{"parentId":"2","dir":"null","filename":"color.png"}
2017-01-03T07:25:02+0100 : 2|admin|asset|add-asset|{"parentId":"2","dir":"null","filename":"Goverance-selected.png"}
2017-01-03T07:25:02+0100 : 2|admin|asset|add-asset|{"parentId":"2","dir":"null","filename":"Goverance-unselected.png"}
2017-01-03T07:25:02+0100 : 2|admin|asset|add-asset|{"parentId":"2","dir":"null","filename":"Home-Selected.png"}
2017-01-03T07:25:05+0100 : 2|admin|asset|add-asset|{"parentId":"2","dir":"null","filename":"Industry-Unselected.png"}
2017-01-03T07:25:05+0100 : 2|admin|asset|add-asset|{"parentId":"2","dir":"null","filename":"Home-unSelected.png"}
2017-01-03T07:25:05+0100 : 2|admin|asset|add-asset|{"parentId":"2","dir":"null","filename":"Industry-selected.png"}
2017-01-03T07:25:06+0100 : 2|admin|asset|add-asset|{"parentId":"2","dir":"null","filename":"More-selected.png"}
2017-01-03T07:25:06+0100 : 2|admin|asset|add-asset|{"parentId":"2","dir":"null","filename":"More-Unselected.png"}
2017-01-03T07:25:06+0100 : 2|admin|asset|add-asset|{"parentId":"2","dir":"null","filename":"Solution-selected.png"}
2017-01-03T07:25:07+0100 : 2|admin|asset|add-asset|{"parentId":"2","dir":"null","filename":"Solution-Unselected.png"}
2017-01-03T07:25:07+0100 : 2|admin|asset|add-asset|{"parentId":"2","dir":"null","filename":"Vestas.png"}
2017-01-03T07:25:07+0100 : 2|admin|asset|add-asset|{"parentId":"2","dir":"null","filename":"view.png"}
2017-01-03T07:25:07+0100 : 2|admin|asset|add-asset|{"parentId":"2","dir":"null","filename":"windmil.png"}
2017-01-03T07:25:09+0100 : 2|admin|asset|tree-get-childs-by-id|{"limit":"30","view":"null","fromPaging":"0","start":"0","node":"2"}
2017-01-03T07:25:12+0100 : 2|admin|asset|get-image-thumbnail|{"id":"13","treepreview":"true"}
2017-01-03T07:25:12+0100 : 2|admin|asset|get-image-thumbnail|{"id":"12","treepreview":"true"}
2017-01-03T07:25:12+0100 : 2|admin|asset|get-image-thumbnail|{"id":"11","treepreview":"true"}
2017-01-03T07:25:13+0100 : 2|admin|asset|get-image-thumbnail|{"id":"10","treepreview":"true"}
2017-01-03T07:25:13+0100 : 2|admin|asset|get-image-thumbnail|{"id":"6","treepreview":"true"}
2017-01-03T07:25:13+0100 : 2|admin|asset|get-image-thumbnail|{"id":"7","treepreview":"true"}
2017-01-03T07:25:13+0100 : 2|admin|asset|get-image-thumbnail|{"id":"4","treepreview":"true"}
2017-01-03T07:25:13+0100 : 2|admin|asset|get-image-thumbnail|{"id":"3","treepreview":"true"}
2017-01-03T07:25:13+0100 : 2|admin|asset|get-image-thumbnail|{"id":"6","treepreview":"true"}
2017-01-03T07:25:13+0100 : 2|admin|asset|get-image-thumbnail|{"id":"10","treepreview":"true"}
2017-01-03T07:25:14+0100 : 2|admin|asset|get-image-thumbnail|{"id":"10","treepreview":"true"}
2017-01-03T07:25:14+0100 : 2|admin|asset|get-image-thumbnail|{"id":"11","treepreview":"true"}
2017-01-03T07:25:14+0100 : 2|admin|asset|get-image-thumbnail|{"id":"14","treepreview":"true"}
2017-01-03T07:25:14+0100 : 2|admin|asset|get-image-thumbnail|{"id":"13","treepreview":"true"}
2017-01-03T07:25:14+0100 : 2|admin|asset|get-image-thumbnail|{"id":"9","treepreview":"true"}
2017-01-03T07:25:14+0100 : 2|admin|asset|get-image-thumbnail|{"id":"15","treepreview":"true"}
2017-01-03T07:25:14+0100 : 2|admin|asset|get-image-thumbnail|{"id":"16","treepreview":"true"}
2017-01-03T07:25:14+0100 : 2|admin|asset|get-image-thumbnail|{"id":"17","treepreview":"true"}
2017-01-03T07:25:15+0100 : 2|admin|asset|get-image-thumbnail|{"id":"18","treepreview":"true"}
2017-01-03T07:25:18+0100 : 2|admin|asset|get-image-thumbnail|{"id":"18","width":"290","height":"240","contain":"true"}
2017-01-03T07:25:25+0100 : 2|admin|object|tree-get-childs-by-id|{"limit":"30","view":"null","fromPaging":"0","start":"0","node":"2"}
2017-01-03T07:25:27+0100 : 2|admin|object|get|{"id":"3"}
2017-01-03T07:25:52+0100 : 2|admin|translation|add-admin-translation-keys|{"keys":"[\"info\",\"info\",\"heading\",\"description\",\"..."}
2017-01-03T07:26:25+0100 : 2|admin|object|save|{"task":"publish","id":"3","modificationDate":"1483368286","data":"{\"localizedfields\":{\"en\":{\"Info\":[{\"data...","general":"{\"o_className\":\"cHeadDesc\",\"o_published\"..."}
2017-01-03T07:26:26+0100 : 2|admin|object|get-versions|{"id":"3","page":"1","start":"0","limit":"25"}
2017-01-03T07:26:36+0100 : 2|admin|object|save|{"task":"publish","id":"5","modificationDate":"1483424476","data":"{\"localizedfields\":{\"en\":{\"Image\":18},\"e...","general":"{\"o_className\":\"cImage\",\"o_published\":tr..."}
2017-01-03T07:26:38+0100 : 2|admin|object|get-versions|{"id":"5","page":"1","start":"0","limit":"25"}
2017-01-03T07:26:41+0100 : 2|admin|element|unlock-element|{"id":"5","type":"object"}
2017-01-03T07:26:42+0100 : 2|admin|object|get|{"id":"5","layoutId":"null"}
2017-01-03T07:26:52+0100 : 2|admin|object|save|{"task":"publish","id":"5","modificationDate":"1483424797","data":"{\"localizedfields\":{\"en\":{\"HeadDes\":{\"id...","general":"{\"o_className\":\"cImage\",\"o_published\":tr..."}
2017-01-03T07:26:53+0100 : 2|admin|object|get-versions|{"id":"5","page":"1","start":"0","limit":"25"}
2017-01-03T07:27:39+0100 : 2|admin|class|add|{"name":"cLink"}
2017-01-03T07:27:40+0100 : 2|admin|class|get|{"id":"3"}
2017-01-03T07:27:40+0100 : 2|admin|class|get-tree|{"page":"1","start":"0","limit":"25"}
2017-01-03T07:27:40+0100 : 2|admin|class|get-tree|{"grouped":"1","node":"0"}
2017-01-03T07:27:40+0100 : 2|admin|class|get-tree|{"createAllowed":"true","page":"1","start":"0","limit":"25"}
2017-01-03T07:27:42+0100 : 2|admin|index|index|[]
2017-01-03T07:27:52+0100 : 2|admin|translation|add-admin-translation-keys|{"keys":"[\"clink\",\"clink\",\"clink\"]"}
2017-01-03T07:28:26+0100 : 2|admin|class|save|{"configuration":"{\"childs\":[{\"name\":\"Layout\",\"datatype\":\"...","values":"{\"id\":1,\"name\":\"cHeadDesc\",\"description\"...","id":"1"}
2017-01-03T07:28:29+0100 : 2|admin|class|get-tree|{"page":"1","start":"0","limit":"25"}
2017-01-03T07:28:29+0100 : 2|admin|class|get-tree|{"grouped":"1","node":"0"}
2017-01-03T07:28:29+0100 : 2|admin|class|get-tree|{"createAllowed":"true","page":"1","start":"0","limit":"25"}
2017-01-03T07:28:39+0100 : 2|admin|element|unlock-element|{"id":"3","type":"object"}
2017-01-03T07:28:40+0100 : 2|admin|object|get|{"id":"3","layoutId":"null"}
2017-01-03T07:28:54+0100 : 2|admin|object|save|{"task":"publish","id":"3","modificationDate":"1483368286","data":"{\"localizedfields\":{\"en\":[],\"en_US\":{\"He...","general":"{\"o_className\":\"cHeadDesc\",\"o_published\"..."}
2017-01-03T07:28:55+0100 : 2|admin|object|get-versions|{"id":"3","page":"1","start":"0","limit":"25"}
2017-01-03T07:28:57+0100 : 2|admin|element|unlock-element|{"id":"5","type":"object"}
2017-01-03T07:28:58+0100 : 2|admin|object|get|{"id":"5","layoutId":"null"}
2017-01-03T07:29:07+0100 : 2|admin|asset|get-image-thumbnail|{"id":"5","treepreview":"true"}
2017-01-03T07:29:07+0100 : 2|admin|asset|get-image-thumbnail|{"id":"3","treepreview":"true"}
2017-01-03T07:29:07+0100 : 2|admin|asset|get-image-thumbnail|{"id":"6","treepreview":"true"}
2017-01-03T07:29:07+0100 : 2|admin|asset|get-image-thumbnail|{"id":"10","treepreview":"true"}
2017-01-03T07:29:07+0100 : 2|admin|asset|get-image-thumbnail|{"id":"11","treepreview":"true"}
2017-01-03T07:29:07+0100 : 2|admin|asset|get-image-thumbnail|{"id":"13","treepreview":"true"}
2017-01-03T07:29:07+0100 : 2|admin|asset|get-image-thumbnail|{"id":"9","treepreview":"true"}
2017-01-03T07:29:08+0100 : 2|admin|asset|get-image-thumbnail|{"id":"14","treepreview":"true"}
2017-01-03T07:29:10+0100 : 2|admin|object|save|{"task":"publish","id":"5","modificationDate":"1483424812","data":"{\"localizedfields\":{\"en\":[],\"en_US\":{\"Im...","general":"{\"o_className\":\"cImage\",\"o_published\":tr..."}
2017-01-03T07:29:11+0100 : 2|admin|object|get-versions|{"id":"5","page":"1","start":"0","limit":"25"}
2017-01-03T07:29:57+0100 : 2|admin|class|get-tree|{"page":"1","start":"0","limit":"25"}
2017-01-03T07:29:57+0100 : 2|admin|class|get-document-types|{"page":"1","start":"0","limit":"25"}
2017-01-03T07:29:57+0100 : 2|admin|class|get-asset-types|{"page":"1","start":"0","limit":"25"}
2017-01-03T07:30:04+0100 : 2|admin|class|get-asset-types|{"page":"1","start":"0","limit":"25"}
2017-01-03T07:30:04+0100 : 2|admin|class|get-document-types|{"page":"1","start":"0","limit":"25"}
2017-01-03T07:30:04+0100 : 2|admin|class|get-tree|{"page":"1","start":"0","limit":"25"}
2017-01-03T07:30:13+0100 : 2|admin|class|save|{"configuration":"{\"childs\":[{\"name\":\"Layout\",\"datatype\":\"...","values":"{\"id\":3,\"name\":\"cLink\",\"description\":\"\",...","id":"3"}
2017-01-03T07:30:16+0100 : 2|admin|class|get-tree|{"grouped":"1","node":"0"}
2017-01-03T07:30:16+0100 : 2|admin|class|get-tree|{"page":"1","start":"0","limit":"25"}
2017-01-03T07:30:16+0100 : 2|admin|class|get-tree|{"createAllowed":"true","page":"1","start":"0","limit":"25"}
2017-01-03T07:30:23+0100 : 2|admin|misc|get-valid-filename|{"value":"link","type":"object"}
2017-01-03T07:30:23+0100 : 2|admin|object|add-folder|{"elementType":"object","parentId":"1","key":"link"}
2017-01-03T07:30:24+0100 : 2|admin|object|tree-get-childs-by-id|{"limit":"30","view":"null","fromPaging":"0","start":"0","node":"1"}
2017-01-03T07:30:34+0100 : 2|admin|misc|get-valid-filename|{"value":"reports","type":"object"}
2017-01-03T07:30:35+0100 : 2|admin|object|add-folder|{"elementType":"object","parentId":"6","key":"reports"}
2017-01-03T07:30:35+0100 : 2|admin|object|tree-get-childs-by-id|{"limit":"30","view":"null","fromPaging":"0","start":"0","node":"6"}
2017-01-03T07:30:50+0100 : 2|admin|misc|get-valid-filename|{"value":"report1","type":"object"}
2017-01-03T07:30:51+0100 : 2|admin|object|add|{"elementType":"object","parentId":"7","className":"cLink","classId":"3","key":"report1"}
2017-01-03T07:30:52+0100 : 2|admin|object|get|{"id":"8"}
2017-01-03T07:30:52+0100 : 2|admin|object|tree-get-childs-by-id|{"limit":"30","view":"null","fromPaging":"0","start":"0","node":"7"}
2017-01-03T07:30:56+0100 : 2|admin|object|save|{"task":"publish","id":"8","modificationDate":"1483425051","data":"[]","general":"{\"o_className\":\"cLink\",\"o_published\":fal..."}
2017-01-03T07:30:57+0100 : 2|admin|object|get-versions|{"id":"8","page":"1","start":"0","limit":"25"}
2017-01-03T07:31:07+0100 : 2|admin|object|copy-info|{"targetId":"7","sourceId":"8","type":"recursive-update-references"}
2017-01-03T07:31:07+0100 : 2|admin|object|copy|{"sourceId":"8","targetId":"7","type":"child","transactionId":"1483425067","saveParentId":"true"}
2017-01-03T07:31:09+0100 : 2|admin|object|copy-rewrite-ids|{"transactionId":"1483425067"}
2017-01-03T07:31:10+0100 : 2|admin|object|tree-get-childs-by-id|{"limit":"30","view":"null","fromPaging":"0","start":"0","node":"7"}
2017-01-03T07:31:16+0100 : 2|admin|object|copy-info|{"targetId":"7","sourceId":"8","type":"recursive-update-references"}
2017-01-03T07:31:17+0100 : 2|admin|object|copy|{"sourceId":"8","targetId":"7","type":"child","transactionId":"1483425076","saveParentId":"true"}
2017-01-03T07:31:18+0100 : 2|admin|object|copy-rewrite-ids|{"transactionId":"1483425076"}
2017-01-03T07:31:19+0100 : 2|admin|object|tree-get-childs-by-id|{"limit":"30","view":"null","fromPaging":"0","start":"0","node":"7"}
2017-01-03T07:31:22+0100 : 2|admin|translation|add-admin-translation-keys|{"keys":"[\"link\",\"link\"]"}
2017-01-03T07:31:26+0100 : 2|admin|misc|get-valid-filename|{"value":"report2","type":"object"}
2017-01-03T07:31:27+0100 : 2|admin|object|update|{"id":"9","values":"{\"key\":\"report2\"}"}
2017-01-03T07:31:28+0100 : 2|admin|object|tree-get-childs-by-id|{"limit":"30","view":"null","fromPaging":"0","start":"0","node":"9"}
2017-01-03T07:31:35+0100 : 2|admin|misc|get-valid-filename|{"value":"report3","type":"object"}
2017-01-03T07:31:36+0100 : 2|admin|object|update|{"id":"10","values":"{\"key\":\"report3\"}"}
2017-01-03T07:31:37+0100 : 2|admin|object|tree-get-childs-by-id|{"limit":"30","view":"null","fromPaging":"0","start":"0","node":"10"}
2017-01-03T07:31:40+0100 : 2|admin|object|save|{"task":"publish","id":"8","modificationDate":"1483425056","data":"[]","general":"{\"o_className\":\"cLink\",\"o_published\":tru..."}
2017-01-03T07:31:41+0100 : 2|admin|object|get-versions|{"id":"8","page":"1","start":"0","limit":"25"}
2017-01-03T07:31:56+0100 : 2|admin|object|save|{"task":"publish","id":"8","modificationDate":"1483425100","data":"{\"localizedfields\":{\"en\":[],\"en_US\":{\"Li...","general":"{\"o_className\":\"cLink\",\"o_published\":tru..."}
2017-01-03T07:31:57+0100 : 2|admin|object|get-versions|{"id":"8","page":"1","start":"0","limit":"25"}
2017-01-03T07:32:04+0100 : 2|admin|object|save|{"task":"publish","id":"8","modificationDate":"1483425116","data":"{\"localizedfields\":{\"en\":[],\"en_US\":{\"Li...","general":"{\"o_className\":\"cLink\",\"o_published\":tru..."}
2017-01-03T07:32:05+0100 : 2|admin|object|get-versions|{"id":"8","page":"1","start":"0","limit":"25"}
2017-01-03T07:32:07+0100 : 2|admin|object|tree-get-childs-by-id|{"limit":"30","view":"null","fromPaging":"0","start":"0","node":"2"}
2017-01-03T07:32:12+0100 : 2|admin|misc|get-valid-filename|{"value":"wind","type":"object"}
2017-01-03T07:32:12+0100 : 2|admin|object|add-folder|{"elementType":"object","parentId":"2","key":"wind"}
2017-01-03T07:32:13+0100 : 2|admin|object|tree-get-childs-by-id|{"limit":"30","view":"null","fromPaging":"0","start":"0","node":"2"}
2017-01-03T07:32:16+0100 : 2|admin|object|update|{"id":"3","values":"{\"parentId\":2}"}
2017-01-03T07:32:17+0100 : 2|admin|object|tree-get-childs-by-id|{"limit":"30","view":"null","fromPaging":"0","start":"0","node":"2"}
2017-01-03T07:32:17+0100 : 2|admin|object|tree-get-childs-by-id|{"limit":"30","view":"null","fromPaging":"0","start":"0","node":"2"}
2017-01-03T07:32:22+0100 : 2|admin|object|update|{"id":"3","values":"{\"parentId\":2}"}
2017-01-03T07:32:23+0100 : 2|admin|object|tree-get-childs-by-id|{"limit":"30","view":"null","fromPaging":"0","start":"0","node":"2"}
2017-01-03T07:32:23+0100 : 2|admin|object|tree-get-childs-by-id|{"limit":"30","view":"null","fromPaging":"0","start":"0","node":"2"}
2017-01-03T07:32:28+0100 : 2|admin|object|update|{"id":"3","values":"{\"parentId\":11}"}
2017-01-03T07:32:29+0100 : 2|admin|object|tree-get-childs-by-id|{"limit":"30","view":"null","fromPaging":"0","start":"0","node":"2"}
2017-01-03T07:32:29+0100 : 2|admin|object|tree-get-childs-by-id|{"limit":"30","view":"null","fromPaging":"0","start":"0","node":"2"}
2017-01-03T07:32:39+0100 : 2|admin|misc|get-valid-filename|{"value":"headdes","type":"object"}
2017-01-03T07:32:40+0100 : 2|admin|object|add|{"elementType":"object","parentId":"11","className":"cHeadDesc","classId":"1","key":"headdes"}
2017-01-03T07:32:41+0100 : 2|admin|object|tree-get-childs-by-id|{"limit":"30","view":"null","fromPaging":"0","start":"0","node":"11"}
2017-01-03T07:32:41+0100 : 2|admin|object|get|{"id":"12"}
2017-01-03T07:32:56+0100 : 2|admin|object|save|{"task":"publish","id":"12","modificationDate":"1483425160","data":"{\"localizedfields\":{\"en\":[],\"en_US\":{\"He...","general":"{\"o_className\":\"cHeadDesc\",\"o_published\"..."}
2017-01-03T07:32:58+0100 : 2|admin|object|get-versions|{"id":"12","page":"1","start":"0","limit":"25"}
2017-01-03T07:33:02+0100 : 2|admin|object|delete-info|{"id":"3"}
2017-01-03T07:33:05+0100 : 2|admin|element|unlock-element|{"id":"3","type":"object"}
2017-01-03T07:33:05+0100 : 2|admin|recyclebin|add|{"type":"object","id":"3"}
2017-01-03T07:33:06+0100 : 2|admin|object|delete|{"id":"3"}
2017-01-03T07:33:09+0100 : 2|admin|object|tree-get-childs-by-id|{"limit":"30","view":"null","fromPaging":"0","start":"0","node":"4"}
2017-01-03T07:33:16+0100 : 2|admin|object|add-folder|{"elementType":"object","parentId":"4","key":"wind"}
2017-01-03T07:33:17+0100 : 2|admin|object|tree-get-childs-by-id|{"limit":"30","view":"null","fromPaging":"0","start":"0","node":"4"}
2017-01-03T07:33:25+0100 : 2|admin|object|add|{"elementType":"object","parentId":"13","className":"cImage","classId":"2","key":"image"}
2017-01-03T07:33:26+0100 : 2|admin|object|tree-get-childs-by-id|{"limit":"30","view":"null","fromPaging":"0","start":"0","node":"13"}
2017-01-03T07:33:26+0100 : 2|admin|object|get|{"id":"14"}
2017-01-03T07:33:31+0100 : 2|admin|object|delete-info|{"id":"5"}
2017-01-03T07:33:33+0100 : 2|admin|element|unlock-element|{"id":"5","type":"object"}
2017-01-03T07:33:34+0100 : 2|admin|recyclebin|add|{"type":"object","id":"5"}
2017-01-03T07:33:34+0100 : 2|admin|object|delete|{"id":"5"}
2017-01-03T07:33:38+0100 : 2|admin|object|save|{"task":"publish","id":"14","modificationDate":"1483425205","data":"[]","general":"{\"o_className\":\"cImage\",\"o_published\":fa..."}
2017-01-03T07:33:39+0100 : 2|admin|object|get-versions|{"id":"14","page":"1","start":"0","limit":"25"}
2017-01-03T07:33:42+0100 : 2|admin|asset|get-image-thumbnail|{"id":"5","treepreview":"true"}
2017-01-03T07:33:42+0100 : 2|admin|asset|get-image-thumbnail|{"id":"4","treepreview":"true"}
2017-01-03T07:33:42+0100 : 2|admin|asset|get-image-thumbnail|{"id":"3","treepreview":"true"}
2017-01-03T07:33:42+0100 : 2|admin|asset|get-image-thumbnail|{"id":"6","treepreview":"true"}
2017-01-03T07:33:43+0100 : 2|admin|asset|get-image-thumbnail|{"id":"11","treepreview":"true"}
2017-01-03T07:33:43+0100 : 2|admin|asset|get-image-thumbnail|{"id":"13","treepreview":"true"}
2017-01-03T07:33:43+0100 : 2|admin|asset|get-image-thumbnail|{"id":"15","treepreview":"true"}
2017-01-03T07:33:43+0100 : 2|admin|asset|get-image-thumbnail|{"id":"17","treepreview":"true"}
2017-01-03T07:33:43+0100 : 2|admin|asset|get-image-thumbnail|{"id":"16","treepreview":"true"}
2017-01-03T07:33:43+0100 : 2|admin|asset|get-image-thumbnail|{"id":"18","treepreview":"true"}
2017-01-03T07:33:47+0100 : 2|admin|object|save|{"task":"publish","id":"14","modificationDate":"1483425218","data":"{\"localizedfields\":{\"en\":[],\"en_US\":{\"Im...","general":"{\"o_className\":\"cImage\",\"o_published\":tr..."}
2017-01-03T07:33:48+0100 : 2|admin|object|get-versions|{"id":"14","page":"1","start":"0","limit":"25"}
2017-01-03T07:34:04+0100 : 2|admin|class|get|{"id":"2"}
2017-01-03T07:34:05+0100 : 2|admin|index|index|[]
2017-01-03T07:34:08+0100 : 2|admin|class|get|{"id":"3"}
2017-01-03T07:34:09+0100 : 2|admin|index|index|[]
2017-01-03T07:36:48+0100 : 2|admin|asset|get-image-thumbnail|{"id":"6","treepreview":"true"}
2017-01-03T07:36:48+0100 : 2|admin|asset|get-image-thumbnail|{"id":"9","treepreview":"true"}
2017-01-03T07:36:48+0100 : 2|admin|asset|get-image-thumbnail|{"id":"7","treepreview":"true"}
2017-01-03T07:38:16+0100 : 2|admin|external_adminer|adminer|[]
2017-01-03T07:38:17+0100 : 2|admin|external_adminer|adminer|{"username":"root","db":"pimcorelatestvesta"}
2017-01-03T07:38:22+0100 : 2|admin|external_adminer|adminer|{"static":"editing.js"}
2017-01-03T07:38:22+0100 : 2|admin|external_adminer|adminer|{"static":"functions.js"}
2017-01-03T07:38:22+0100 : 2|admin|external_adminer|adminer|{"static":"default.css"}
2017-01-03T07:38:22+0100 : 2|admin|external_adminer|externals|{"jush":"jush.css"}
2017-01-03T07:38:52+0100 : 2|admin|misc|ping|[]
2017-01-03T07:39:22+0100 : 2|admin|external_adminer|adminer|[]
2017-01-03T07:39:22+0100 : 2|admin|external_adminer|adminer|{"username":"root","db":"pimcorelatestvesta"}
2017-01-03T07:39:23+0100 : 2|admin|external_adminer|adminer|{"static":"functions.js"}
2017-01-03T07:39:23+0100 : 2|admin|external_adminer|adminer|{"static":"default.css"}
2017-01-03T07:39:23+0100 : 2|admin|external_adminer|adminer|{"static":"editing.js"}
2017-01-03T07:39:24+0100 : 2|admin|external_adminer|externals|{"jush":"modules"}
2017-01-03T07:39:24+0100 : 2|admin|external_adminer|externals|{"jush":"jush.css"}
2017-01-03T07:39:24+0100 : 2|admin|external_adminer|externals|{"jush":"modules"}
2017-01-03T07:39:24+0100 : 2|admin|external_adminer|externals|{"jush":"modules"}
2017-01-03T07:39:24+0100 : 2|admin|external_adminer|externals|{"jush":"modules"}
2017-01-03T07:39:25+0100 : 2|admin|external_adminer|adminer|{"username":"root","db":"pimcorelatestvesta","script":"db"}
2017-01-03T07:39:25+0100 : 2|admin|external_adminer|adminer|{"static":"favicon.ico"}
2017-01-03T07:39:35+0100 : 2|admin|external_adminer|adminer|{"username":"root","db":"pimcorelatestvesta","dump":"null"}
2017-01-03T07:39:36+0100 : 2|admin|external_adminer|adminer|{"static":"functions.js"}
2017-01-03T07:39:36+0100 : 2|admin|external_adminer|adminer|{"static":"editing.js"}
2017-01-03T07:39:36+0100 : 2|admin|external_adminer|externals|{"jush":"jush.css"}
2017-01-03T07:39:36+0100 : 2|admin|external_adminer|externals|{"jush":"modules"}
2017-01-03T07:39:36+0100 : 2|admin|external_adminer|adminer|{"static":"default.css"}
2017-01-03T07:39:36+0100 : 2|admin|external_adminer|externals|{"jush":"modules"}
2017-01-03T07:39:37+0100 : 2|admin|external_adminer|externals|{"jush":"modules"}
2017-01-03T07:39:37+0100 : 2|admin|external_adminer|externals|{"jush":"modules"}
2017-01-03T07:39:37+0100 : 2|admin|external_adminer|adminer|{"username":"root","db":"pimcorelatestvesta","script":"db"}
2017-01-03T07:39:45+0100 : 2|admin|external_adminer|adminer|{"username":"root","db":"pimcorelatestvesta","dump":"null","output":"file","format":"sql","db_style":"null","routines":"1","events":"1","table_style":"DROP+CREATE","triggers":"1","data_style":"INSERT","token":"866362:116974"}
2017-01-03T07:40:30+0100 : 2|admin|class|bulk-export|[]
2017-01-03T08:01:52+0100 : 2|admin|misc|ping|[]
2017-01-03T08:24:53+0100 : 2|admin|misc|ping|[]
2017-01-03T08:47:53+0100 : 2|admin|misc|ping|[]
2017-01-03T09:10:53+0100 : 2|admin|misc|ping|[]
2017-01-03T09:33:53+0100 : 2|admin|misc|ping|[]
2017-01-03T09:56:51+0100 : 2|admin|misc|ping|[]
2017-01-03T10:19:49+0100 : 2|admin|misc|ping|[]
2017-01-03T10:42:44+0100 : 2|admin|misc|ping|[]
2017-01-03T11:05:41+0100 : 2|admin|misc|ping|[]
2017-01-03T11:28:39+0100 : 2|admin|misc|ping|[]
2017-01-03T11:51:38+0100 : 2|admin|misc|ping|[]
2017-01-03T12:14:38+0100 : 2|admin|misc|ping|[]
2017-01-03T12:37:37+0100 : 2|admin|misc|ping|[]
2017-01-03T13:00:36+0100 : 2|admin|misc|ping|[]
2017-01-03T13:23:38+0100 : 2|admin|misc|ping|[]
2017-01-03T13:40:29+0100 : 2|admin|login|index|[]
2017-01-03T13:40:30+0100 : 2|admin|index|index|[]
2017-01-03T13:40:33+0100 : 2|admin|user|get-image|[]
2017-01-03T13:40:33+0100 : 2|admin|misc|admin-css|{"extjs6":"true?_dc=4008"}
2017-01-03T13:40:33+0100 : 2|admin|misc|json-translations-system|{"language":"en"}
2017-01-03T13:40:33+0100 : 2|admin|misc|available-languages|[]
2017-01-03T13:40:33+0100 : 2|admin|misc|json-translations-admin|{"language":"en"}
2017-01-03T13:40:33+0100 : 2|admin|user|get-current-user|[]
2017-01-03T13:40:39+0100 : 2|admin|class|get-tree|{"createAllowed":"true","page":"1","start":"0","limit":"25"}
2017-01-03T13:40:39+0100 : 2|reports|targeting|persona-list|{"page":"1","start":"0","limit":"25"}
2017-01-03T13:40:39+0100 : 2|admin|settings|get-available-sites|{"page":"1","start":"0","limit":"25"}
2017-01-03T13:40:39+0100 : 2|admin|class|get-tree|{"page":"1","start":"0","limit":"25"}
2017-01-03T13:40:40+0100 : 2|admin|settings|get-available-admin-languages|{"page":"1","start":"0","limit":"25"}
2017-01-03T13:40:40+0100 : 2|admin|document|tree-get-root|{"id":"1","view":"null"}
2017-01-03T13:40:40+0100 : 2|admin|asset|tree-get-root|{"id":"1","view":"null"}
2017-01-03T13:40:40+0100 : 2|admin|portal|dashboard-list|[]
2017-01-03T13:40:40+0100 : 2|admin|object|tree-get-root|{"id":"null","view":"null"}
2017-01-03T13:40:40+0100 : 2|admin|document|doc-types|{"xaction":"read","page":"1","start":"0","limit":"25"}
2017-01-03T13:40:41+0100 : 2|admin|asset|tree-get-childs-by-id|{"limit":"30","view":"null","node":"1"}
2017-01-03T13:40:41+0100 : 2|admin|asset|tree-get-childs-by-id|{"limit":"30","view":"null","node":"1"}
2017-01-03T13:40:41+0100 : 2|admin|object|tree-get-childs-by-id|{"limit":"30","view":"null","node":"1"}
2017-01-03T13:40:41+0100 : 2|admin|object|tree-get-childs-by-id|{"limit":"30","view":"null","node":"1"}
2017-01-03T13:40:41+0100 : 2|reports|custom-report|get-report-config|[]
2017-01-03T13:40:42+0100 : 2|admin|object|get|{"id":"8","layoutId":"null"}
2017-01-03T13:40:42+0100 : 2|admin|object|get|{"id":"12","layoutId":"null"}
2017-01-03T13:40:42+0100 : 2|admin|object|get|{"id":"14","layoutId":"null"}
2017-01-03T13:40:54+0100 : 2|extensionmanager|admin|get-extensions|{"page":"1","start":"0","limit":"25"}
2017-01-03T13:41:09+0100 : 2|admin|translation|add-admin-translation-keys|{"keys":"[\"cheaddesc\",\"cimage\",\"clink\",\"cheaddesc..."}
2017-01-03T14:03:38+0100 : 2|admin|misc|ping|[]
2017-01-03T14:26:38+0100 : 2|admin|misc|ping|[]
2017-01-03T14:34:28+0100 : 2|admin|misc|get-valid-filename|{"value":"en-us","type":"document"}
2017-01-03T14:34:29+0100 : 2|admin|document|add|{"key":"en-us","name":"en-us","title":"Vesta Mobile App","type":"page","docTypeId":"null","elementType":"document","index":"0","parentId":"1"}
2017-01-03T14:34:29+0100 : 2|admin|document|tree-get-childs-by-id|{"limit":"100","view":"null","node":"1"}
2017-01-03T14:34:30+0100 : 2|admin|page|get-data-by-id|{"id":"2"}
2017-01-03T14:34:33+0100 : 2|admin|misc|json-translations-system|{"language":"en"}
2017-01-03T14:34:33+0100 : 2|admin|misc|script-proxy|{"scriptPath":"\/website\/var\/system\/","scripts":"minified_javascript_core_2a38f35903e3c92..."}
2017-01-03T14:34:33+0100 : 2|admin|misc|json-translations-admin|{"language":"en"}
2017-01-03T14:34:37+0100 : 2|admin|page|save|{"task":"publish","id":"2"}
2017-01-03T14:34:38+0100 : 2|admin|document|get-versions|{"id":"2","page":"1","start":"0","limit":"25"}
2017-01-03T14:34:40+0100 : 2|admin|page|save|{"task":"publish","id":"2","data":"[]"}
2017-01-03T14:34:41+0100 : 2|admin|document|get-versions|{"id":"2","page":"1","start":"0","limit":"25"}
2017-01-03T14:49:53+0100 : 2|admin|misc|ping|[]
2017-01-03T14:53:53+0100 : 2|admin|misc|get-valid-filename|{"value":"services","type":"document"}
2017-01-03T14:53:54+0100 : 2|admin|document|add|{"key":"services","type":"folder","docTypeId":"null","elementType":"document","index":"1","parentId":"1"}
2017-01-03T14:53:55+0100 : 2|admin|document|tree-get-childs-by-id|{"limit":"100","view":"null","fromPaging":"0","start":"0","node":"1"}
2017-01-03T14:56:11+0100 : 2|admin|misc|get-valid-filename|{"value":"showData","type":"document"}
2017-01-03T14:56:11+0100 : 2|admin|document|add|{"key":"showData","name":"showData","title":"showData","type":"page","docTypeId":"null","elementType":"document","index":"0","parentId":"3"}
2017-01-03T14:56:12+0100 : 2|admin|document|tree-get-childs-by-id|{"limit":"100","view":"null","fromPaging":"0","start":"0","node":"3"}
2017-01-03T14:56:12+0100 : 2|admin|page|get-data-by-id|{"id":"4"}
2017-01-03T14:56:17+0100 : 2|admin|misc|get-available-modules|{"page":"1","start":"0","limit":"25"}
2017-01-03T14:56:17+0100 : 2|admin|misc|get-available-templates|{"page":"1","start":"0","limit":"25"}
2017-01-03T14:56:17+0100 : 2|admin|misc|json-translations-system|{"language":"en"}
2017-01-03T14:56:17+0100 : 2|admin|misc|json-translations-admin|{"language":"en"}
2017-01-03T14:56:21+0100 : 2|admin|misc|get-available-actions|{"moduleName":"null","controllerName":"default","page":"1","start":"0","limit":"25"}
2017-01-03T14:56:25+0100 : 2|admin|page|save|{"task":"publish","id":"4","data":"[]","settings":"{\"title\":\"showData\",\"description\":\"\",\"pr..."}
2017-01-03T14:56:26+0100 : 2|admin|document|get-versions|{"id":"4","page":"1","start":"0","limit":"25"}
2017-01-03T15:12:52+0100 : 2|admin|misc|ping|[]
2017-01-03T15:24:16+0100 : 2|admin|misc|get-valid-filename|{"value":"getData","type":"document"}
2017-01-03T15:24:17+0100 : 2|admin|document|update|{"key":"getData","id":"4"}
2017-01-03T15:24:18+0100 : 2|admin|document|tree-get-childs-by-id|{"limit":"100","view":"null","fromPaging":"0","start":"0","node":"3"}
2017-01-03T15:24:18+0100 : 2|admin|page|remove-from-session|{"id":"4"}
2017-01-03T15:24:18+0100 : 2|admin|element|unlock-element|{"id":"4","type":"document"}
2017-01-03T15:24:19+0100 : 2|admin|page|get-data-by-id|{"id":"4"}
2017-01-03T15:24:25+0100 : 2|admin|misc|get-available-modules|{"page":"1","start":"0","limit":"25"}
2017-01-03T15:24:25+0100 : 2|admin|misc|get-available-templates|{"page":"1","start":"0","limit":"25"}
2017-01-03T15:35:51+0100 : 2|admin|misc|ping|[]
2017-01-03T15:58:50+0100 : 2|admin|misc|ping|[]
2017-01-03T16:21:26+0100 : 2|admin|misc|ping|[]
2017-01-03T16:44:00+0100 : 2|admin|misc|ping|[]
2017-01-03T17:06:51+0100 : 2|admin|misc|ping|[]
2017-01-03T17:29:47+0100 : 2|admin|misc|ping|[]
2017-01-03T17:52:27+0100 : 2|admin|misc|ping|[]
2017-01-03T18:14:50+0100 : 2|admin|misc|ping|[]
2017-01-03T18:37:36+0100 : 2|admin|misc|ping|[]
2017-01-03T19:00:32+0100 : 2|admin|misc|ping|[]
2017-01-03T19:23:03+0100 : 2|admin|misc|ping|[]
2017-01-03T19:45:48+0100 : 2|admin|misc|ping|[]
2017-01-03T20:08:34+0100 : 2|admin|misc|ping|[]
2017-01-03T20:31:10+0100 : 2|admin|misc|ping|[]
2017-01-03T20:54:04+0100 : 2|admin|misc|ping|[]
2017-01-04T06:55:51+0100 : 2|admin|login|index|{"session_expired":"true","server_error":"true"}
2017-01-04T06:55:52+0100 : 2|admin|index|index|[]
2017-01-04T06:56:09+0100 : 2|admin|user|get-image|[]
2017-01-04T06:56:09+0100 : 2|admin|user|get-current-user|[]
2017-01-04T06:56:09+0100 : 2|admin|misc|json-translations-system|{"language":"en"}
2017-01-04T06:56:09+0100 : 2|admin|misc|admin-css|{"extjs6":"true?_dc=4008"}
2017-01-04T06:56:09+0100 : 2|admin|misc|available-languages|[]
2017-01-04T06:56:10+0100 : 2|admin|misc|json-translations-admin|{"language":"en"}
2017-01-04T06:56:10+0100 : 2|admin|misc|script-proxy|{"scriptPath":"\/website\/var\/system\/","scripts":"minified_javascript_core_ebf1f6ae2be64f2..."}
2017-01-04T06:56:14+0100 : 2|admin|settings|get-available-sites|{"page":"1","start":"0","limit":"25"}
2017-01-04T06:56:15+0100 : 2|admin|class|get-tree|{"createAllowed":"true","page":"1","start":"0","limit":"25"}
2017-01-04T06:56:15+0100 : 2|admin|settings|get-available-admin-languages|{"page":"1","start":"0","limit":"25"}
2017-01-04T06:56:15+0100 : 2|reports|targeting|persona-list|{"page":"1","start":"0","limit":"25"}
2017-01-04T06:56:15+0100 : 2|admin|class|get-tree|{"page":"1","start":"0","limit":"25"}
2017-01-04T06:56:15+0100 : 2|admin|document|tree-get-root|{"id":"1","view":"null"}
2017-01-04T06:56:16+0100 : 2|admin|object|tree-get-root|{"id":"null","view":"null"}
2017-01-04T06:56:16+0100 : 2|admin|asset|tree-get-root|{"id":"1","view":"null"}
2017-01-04T06:56:16+0100 : 2|admin|portal|dashboard-list|[]
2017-01-04T06:56:16+0100 : 2|admin|document|doc-types|{"xaction":"read","page":"1","start":"0","limit":"25"}
2017-01-04T06:56:16+0100 : 2|admin|document|tree-get-childs-by-id|{"limit":"100","view":"null","node":"1"}
2017-01-04T06:56:17+0100 : 2|admin|object|tree-get-childs-by-id|{"limit":"30","view":"null","node":"1"}
2017-01-04T06:56:17+0100 : 2|admin|document|tree-get-childs-by-id|{"limit":"100","view":"null","node":"1"}
2017-01-04T06:56:17+0100 : 2|admin|asset|tree-get-childs-by-id|{"limit":"30","view":"null","node":"1"}
2017-01-04T06:56:17+0100 : 2|admin|object|tree-get-childs-by-id|{"limit":"30","view":"null","node":"1"}
2017-01-04T06:56:17+0100 : 2|admin|asset|tree-get-childs-by-id|{"limit":"30","view":"null","node":"1"}
2017-01-04T06:56:18+0100 : 2|reports|custom-report|get-report-config|[]
2017-01-04T06:56:18+0100 : 2|admin|object|get|{"id":"8","layoutId":"null"}
2017-01-04T06:56:18+0100 : 2|admin|object|get|{"id":"14","layoutId":"null"}
2017-01-04T06:56:18+0100 : 2|admin|page|get-data-by-id|{"id":"2"}
2017-01-04T06:56:19+0100 : 2|admin|page|get-data-by-id|{"id":"4"}
2017-01-04T06:56:19+0100 : 2|admin|object|get|{"id":"12","layoutId":"null"}
2017-01-04T06:56:44+0100 : 2|admin|translation|add-admin-translation-keys|{"keys":"[\"cheaddesc\",\"cimage\",\"clink\",\"cheaddesc..."}
2017-01-04T07:19:04+0100 : 2|admin|misc|ping|[]
2017-01-04T07:41:59+0100 : 2|admin|misc|ping|[]
2017-01-04T08:04:54+0100 : 2|admin|misc|ping|[]
2017-01-04T08:17:25+0100 : 2|admin|object|tree-get-childs-by-id|{"limit":"30","view":"null","fromPaging":"0","start":"0","node":"2"}
2017-01-04T08:17:27+0100 : 2|admin|object|tree-get-childs-by-id|{"limit":"30","view":"null","fromPaging":"0","start":"0","node":"11"}
2017-01-04T08:27:44+0100 : 2|admin|misc|ping|[]
2017-01-04T08:50:34+0100 : 2|admin|misc|ping|[]
2017-01-04T08:59:37+0100 : 2|admin|class|get-tree|{"grouped":"1","node":"0"}
2017-01-04T08:59:40+0100 : 2|admin|class|get|{"id":"1"}
2017-01-04T08:59:41+0100 : 2|admin|index|index|[]
2017-01-04T09:04:40+0100 : 2|admin|class|get|{"id":"2"}
2017-01-04T09:04:41+0100 : 2|admin|index|index|[]
2017-01-04T09:04:46+0100 : 2|admin|class|get-asset-types|{"page":"1","start":"0","limit":"25"}
2017-01-04T09:04:46+0100 : 2|admin|class|get-tree|{"page":"1","start":"0","limit":"25"}
2017-01-04T09:04:46+0100 : 2|admin|class|get-document-types|{"page":"1","start":"0","limit":"25"}
2017-01-04T09:10:46+0100 : 2|admin|class|get|{"id":"3"}
2017-01-04T09:10:47+0100 : 2|admin|index|index|[]
2017-01-04T09:13:23+0100 : 2|admin|misc|ping|[]
2017-01-04T09:36:18+0100 : 2|admin|misc|ping|[]
2017-01-04T09:59:14+0100 : 2|admin|misc|ping|[]
2017-01-04T10:22:10+0100 : 2|admin|misc|ping|[]
